[2025-05-28 18:50:12] Imagick không được cài đặt, chuyển sang Ghostscript
[2025-05-28 18:50:12] Chạy lệnh Ghostscript
[2025-05-28 18:50:12] Chuyển đổi PDF sang BMP thành công với Ghostscript
[2025-05-28 19:02:01] Imagick không được cài đặt, chuyển sang Ghostscript
[2025-05-28 19:02:01] Chạy lệnh Ghostscript
[2025-05-28 19:02:01] Chuyển đổi PDF sang BMP thành công với Ghostscript
[2025-05-28 19:07:10] Imagick không được cài đặt, chuyển sang Ghostscript
[2025-05-28 19:07:11] Chạy lệnh Ghostscript
[2025-05-28 19:07:11] Chuyển đổi PDF sang BMP thành công với Ghostscript
[2025-05-28 19:07:42] Imagick không được cài đặt, chuyển sang Ghostscript
[2025-05-28 19:07:42] Chạy lệnh Ghostscript
[2025-05-28 19:07:42] Chuyển đổi PDF sang BMP thành công với Ghostscript
[2025-05-28 19:16:07] Imagick không được cài đặt, chuyển sang Ghostscript
[2025-05-28 19:16:08] Chạy lệnh Ghostscript
[2025-05-28 19:16:08] Chuyển đổi PDF sang BMP thành công với Ghostscript
[2025-05-28 19:23:45] Imagick không được cài đặt, chuyển sang Ghostscript
[2025-05-28 19:23:45] Chạy lệnh Ghostscript
[2025-05-28 19:23:45] Chuyển đổi PDF sang BMP thành công với Ghostscript
[2025-05-28 19:25:58] Imagick không được cài đặt, chuyển sang Ghostscript
[2025-05-28 19:25:59] Chạy lệnh Ghostscript
[2025-05-28 19:25:59] Chuyển đổi PDF sang BMP thành công với Ghostscript
[2025-05-28 19:27:56] Imagick không được cài đặt, chuyển sang Ghostscript
[2025-05-28 19:27:56] Chạy lệnh Ghostscript
[2025-05-28 19:27:56] Chuyển đổi PDF sang BMP thành công với Ghostscript
[2025-05-28 19:28:35] Imagick không được cài đặt, chuyển sang Ghostscript
[2025-05-28 19:28:36] Chạy lệnh Ghostscript
[2025-05-28 19:28:36] Chuyển đổi PDF sang BMP thành công với Ghostscript
[2025-05-28 19:29:41] Imagick không được cài đặt, chuyển sang Ghostscript
[2025-05-28 19:29:42] Chạy lệnh Ghostscript
[2025-05-28 19:29:42] Chuyển đổi PDF sang BMP thành công với Ghostscript
[2025-05-28 19:31:19] Imagick không được cài đặt, chuyển sang Ghostscript
[2025-05-28 19:31:20] Chạy lệnh Ghostscript
[2025-05-28 19:31:20] Chuyển đổi PDF sang BMP thành công với Ghostscript
[2025-05-28 19:31:36] Imagick không được cài đặt, chuyển sang Ghostscript
[2025-05-28 19:31:37] Chạy lệnh Ghostscript
[2025-05-28 19:31:37] Chuyển đổi PDF sang BMP thành công với Ghostscript
[2025-05-28 19:44:04] Imagick không được cài đặt, chuyển sang Ghostscript
[2025-05-28 19:44:04] Chạy lệnh Ghostscript
[2025-05-28 19:44:04] Chuyển đổi PDF sang BMP thành công với Ghostscript
[2025-05-28 19:45:16] Imagick không được cài đặt, chuyển sang Ghostscript
[2025-05-28 19:45:17] Chạy lệnh Ghostscript
[2025-05-28 19:45:17] Chuyển đổi PDF sang BMP thành công với Ghostscript
[2025-05-28 19:53:47] Imagick không được cài đặt, chuyển sang Ghostscript
[2025-05-28 19:53:47] Chạy lệnh Ghostscript
[2025-05-28 19:53:47] Chuyển đổi PDF sang BMP thành công với Ghostscript
[2025-05-28 19:55:47] Imagick không được cài đặt, chuyển sang Ghostscript
[2025-05-28 19:55:47] Chạy lệnh Ghostscript
[2025-05-28 19:55:47] Chuyển đổi PDF sang BMP thành công với Ghostscript
[2025-05-28 20:07:06] Imagick không được cài đặt, chuyển sang Ghostscript
[2025-05-28 20:07:06] Chạy lệnh Ghostscript
[2025-05-28 20:07:06] Chuyển đổi PDF sang BMP thành công với Ghostscript
[2025-05-28 20:09:02] Imagick không được cài đặt, chuyển sang Ghostscript
[2025-05-28 20:09:02] Chạy lệnh Ghostscript
[2025-05-28 20:09:02] Chuyển đổi PDF sang BMP thành công với Ghostscript
[2025-05-28 20:17:51] Imagick không được cài đặt, chuyển sang Ghostscript
[2025-05-28 20:17:51] Chạy lệnh Ghostscript
[2025-05-28 20:17:51] Chuyển đổi PDF sang BMP thành công với Ghostscript
[2025-05-28 20:18:51] Imagick không được cài đặt, chuyển sang Ghostscript
[2025-05-28 20:18:51] Chạy lệnh Ghostscript
[2025-05-28 20:18:51] Chuyển đổi PDF sang BMP thành công với Ghostscript
[2025-05-28 20:23:19] Imagick không được cài đặt, chuyển sang Ghostscript
[2025-05-28 20:23:20] Chạy lệnh Ghostscript
[2025-05-28 20:23:20] Chuyển đổi PDF sang BMP thành công với Ghostscript
[2025-05-28 20:36:21] Imagick không được cài đặt, chuyển sang Ghostscript
[2025-05-28 20:36:22] Chạy lệnh Ghostscript
[2025-05-28 20:36:22] Chuyển đổi PDF sang BMP thành công với Ghostscript
[2025-05-28 20:54:43] Imagick không được cài đặt, chuyển sang Ghostscript
[2025-05-28 20:54:44] Chạy lệnh Ghostscript
[2025-05-28 20:54:44] Chuyển đổi PDF sang BMP thành công với Ghostscript
[2025-05-28 20:55:45] Imagick không được cài đặt, chuyển sang Ghostscript
[2025-05-28 20:55:45] Chạy lệnh Ghostscript
[2025-05-28 20:55:45] Chuyển đổi PDF sang BMP thành công với Ghostscript
[2025-05-28 20:59:56] Imagick không được cài đặt, chuyển sang Ghostscript
[2025-05-28 20:59:56] Chạy lệnh Ghostscript
[2025-05-28 20:59:56] Chuyển đổi PDF sang BMP thành công với Ghostscript
[2025-05-28 21:24:12] Imagick không được cài đặt, chuyển sang Ghostscript
[2025-05-28 21:24:12] Chạy lệnh Ghostscript
[2025-05-28 21:24:12] Chuyển đổi PDF sang BMP thành công với Ghostscript
[2025-05-28 21:25:12] Imagick không được cài đặt, chuyển sang Ghostscript
[2025-05-28 21:25:12] Chạy lệnh Ghostscript
[2025-05-28 21:25:12] Chuyển đổi PDF sang BMP thành công với Ghostscript
[2025-05-28 21:25:40] Imagick không được cài đặt, chuyển sang Ghostscript
[2025-05-28 21:25:40] Chạy lệnh Ghostscript
[2025-05-28 21:25:40] Chuyển đổi PDF sang BMP thành công với Ghostscript
[2025-05-28 21:27:38] Imagick không được cài đặt, chuyển sang Ghostscript
[2025-05-28 21:27:38] Chạy lệnh Ghostscript
[2025-05-28 21:27:38] Chuyển đổi PDF sang BMP thành công với Ghostscript
[2025-05-28 21:28:49] Imagick không được cài đặt, chuyển sang Ghostscript
[2025-05-28 21:28:49] Chạy lệnh Ghostscript
[2025-05-28 21:28:49] Chuyển đổi PDF sang BMP thành công với Ghostscript
[2025-05-28 21:30:16] Imagick không được cài đặt, chuyển sang Ghostscript
[2025-05-28 21:30:16] Chạy lệnh Ghostscript
[2025-05-28 21:30:16] Chuyển đổi PDF sang BMP thành công với Ghostscript
[2025-05-28 21:30:32] Imagick không được cài đặt, chuyển sang Ghostscript
[2025-05-28 21:30:32] Chạy lệnh Ghostscript
[2025-05-28 21:30:32] Chuyển đổi PDF sang BMP thành công với Ghostscript
[2025-05-28 21:34:17] Imagick không được cài đặt, chuyển sang Ghostscript
[2025-05-28 21:34:17] Chạy lệnh Ghostscript
[2025-05-28 21:34:17] Chuyển đổi PDF sang BMP thành công với Ghostscript
[2025-05-28 21:36:07] Imagick không được cài đặt, chuyển sang Ghostscript
[2025-05-28 21:36:07] Chạy lệnh Ghostscript
[2025-05-28 21:36:07] Chuyển đổi PDF sang BMP thành công với Ghostscript
[2025-05-28 21:36:48] Imagick không được cài đặt, chuyển sang Ghostscript
[2025-05-28 21:36:48] Chạy lệnh Ghostscript
[2025-05-28 21:36:48] Chuyển đổi PDF sang BMP thành công với Ghostscript
[2025-05-28 21:37:36] Imagick không được cài đặt, chuyển sang Ghostscript
[2025-05-28 21:37:37] Chạy lệnh Ghostscript
[2025-05-28 21:37:37] Chuyển đổi PDF sang BMP thành công với Ghostscript
[2025-05-28 21:56:22] Imagick không được cài đặt, chuyển sang Ghostscript
[2025-05-28 21:56:22] Chạy lệnh Ghostscript
[2025-05-28 21:56:22] Chuyển đổi PDF sang BMP thành công với Ghostscript
[2025-05-28 22:10:50] Imagick không được cài đặt, chuyển sang Ghostscript
[2025-05-28 22:10:50] Chạy lệnh Ghostscript
[2025-05-28 22:10:50] Chuyển đổi PDF sang BMP thành công với Ghostscript
[2025-05-28 22:14:20] Imagick không được cài đặt, chuyển sang Ghostscript
[2025-05-28 22:14:21] Chạy lệnh Ghostscript
[2025-05-28 22:14:21] Chuyển đổi PDF sang BMP thành công với Ghostscript
[2025-05-28 22:16:56] Imagick không được cài đặt, chuyển sang Ghostscript
[2025-05-28 22:16:57] Chạy lệnh Ghostscript
[2025-05-28 22:16:57] Chuyển đổi PDF sang BMP thành công với Ghostscript
[2025-05-28 22:21:10] Imagick không được cài đặt, chuyển sang Ghostscript
[2025-05-28 22:21:10] Chạy lệnh Ghostscript
[2025-05-28 22:21:10] Chuyển đổi PDF sang BMP thành công với Ghostscript
[2025-05-28 22:21:32] Imagick không được cài đặt, chuyển sang Ghostscript
[2025-05-28 22:21:33] Chạy lệnh Ghostscript
[2025-05-28 22:21:33] Chuyển đổi PDF sang BMP thành công với Ghostscript
[2025-05-28 22:23:16] Imagick không được cài đặt, chuyển sang Ghostscript
[2025-05-28 22:23:16] Chạy lệnh Ghostscript
[2025-05-28 22:23:16] Chuyển đổi PDF sang BMP thành công với Ghostscript
[2025-05-28 22:24:41] Imagick không được cài đặt, chuyển sang Ghostscript
[2025-05-28 22:24:41] Chạy lệnh Ghostscript
[2025-05-28 22:24:41] Chuyển đổi PDF sang BMP thành công với Ghostscript
[2025-05-28 22:25:30] Imagick không được cài đặt, chuyển sang Ghostscript
[2025-05-28 22:25:30] Chạy lệnh Ghostscript
[2025-05-28 22:25:30] Chuyển đổi PDF sang BMP thành công với Ghostscript
[2025-05-28 22:25:54] Imagick không được cài đặt, chuyển sang Ghostscript
[2025-05-28 22:25:54] Chạy lệnh Ghostscript
[2025-05-28 22:25:54] Chuyển đổi PDF sang BMP thành công với Ghostscript
[2025-05-28 22:33:01] Imagick không được cài đặt, chuyển sang Ghostscript
[2025-05-28 22:33:01] Chạy lệnh Ghostscript
[2025-05-28 22:33:01] Chuyển đổi PDF sang BMP thành công với Ghostscript
[2025-05-28 22:34:27] Imagick không được cài đặt, chuyển sang Ghostscript
[2025-05-28 22:34:27] Chạy lệnh Ghostscript
[2025-05-28 22:34:27] Chuyển đổi PDF sang BMP thành công với Ghostscript
[2025-05-28 22:35:14] Imagick không được cài đặt, chuyển sang Ghostscript
[2025-05-28 22:35:15] Chạy lệnh Ghostscript
[2025-05-28 22:35:15] Chuyển đổi PDF sang BMP thành công với Ghostscript
[2025-05-28 22:36:26] Imagick không được cài đặt, chuyển sang Ghostscript
[2025-05-28 22:36:26] Chạy lệnh Ghostscript
[2025-05-28 22:36:26] Chuyển đổi PDF sang BMP thành công với Ghostscript
[2025-05-28 22:39:08] Imagick không được cài đặt, chuyển sang Ghostscript
[2025-05-28 22:39:09] Chạy lệnh Ghostscript
[2025-05-28 22:39:09] Chuyển đổi PDF sang BMP thành công với Ghostscript
[2025-05-28 22:39:37] Imagick không được cài đặt, chuyển sang Ghostscript
[2025-05-28 22:39:37] Chạy lệnh Ghostscript
[2025-05-28 22:39:37] Chuyển đổi PDF sang BMP thành công với Ghostscript
[2025-05-28 22:39:53] Imagick không được cài đặt, chuyển sang Ghostscript
[2025-05-28 22:39:54] Chạy lệnh Ghostscript
[2025-05-28 22:39:54] Chuyển đổi PDF sang BMP thành công với Ghostscript
[2025-05-28 22:44:19] Imagick không được cài đặt, chuyển sang Ghostscript
[2025-05-28 22:44:19] Chạy lệnh Ghostscript
[2025-05-28 22:44:19] Chuyển đổi PDF sang BMP thành công với Ghostscript
[2025-05-28 22:48:15] Imagick không được cài đặt, chuyển sang Ghostscript
[2025-05-28 22:48:15] Chạy lệnh Ghostscript
[2025-05-28 22:48:15] Chuyển đổi PDF sang BMP thành công với Ghostscript
[2025-05-28 22:51:29] Imagick không được cài đặt, chuyển sang Ghostscript
[2025-05-28 22:51:29] Chạy lệnh Ghostscript
[2025-05-28 22:51:29] Chuyển đổi PDF sang BMP thành công với Ghostscript
[2025-05-28 22:54:15] Imagick không được cài đặt, chuyển sang Ghostscript
[2025-05-28 22:54:15] Chạy lệnh Ghostscript
[2025-05-28 22:54:15] Chuyển đổi PDF sang BMP thành công với Ghostscript
[2025-05-28 22:54:37] Imagick không được cài đặt, chuyển sang Ghostscript
[2025-05-28 22:54:37] Chạy lệnh Ghostscript
[2025-05-28 22:54:37] Chuyển đổi PDF sang BMP thành công với Ghostscript
[2025-05-28 22:56:44] Imagick không được cài đặt, chuyển sang Ghostscript
[2025-05-28 22:56:44] Chạy lệnh Ghostscript
[2025-05-28 22:56:44] Chuyển đổi PDF sang BMP thành công với Ghostscript
[2025-05-28 22:57:11] Imagick không được cài đặt, chuyển sang Ghostscript
[2025-05-28 22:57:11] Chạy lệnh Ghostscript
[2025-05-28 22:57:11] Chuyển đổi PDF sang BMP thành công với Ghostscript
[2025-05-29 17:36:17] Imagick không được cài đặt, chuyển sang Ghostscript | {"file":"C:\\Users\\DUYDUO~1\\AppData\\Local\\Temp\/Tem_NhapKho_HeThong_P0525_001_20250529173617.pdf"}
[2025-05-29 17:36:17] Chạy lệnh Ghostscript | {"command":"\"C:\\Program Files\\gs\\gs10.05.1\\bin\\gswin64c.exe\" -dSAFER -dBATCH -dNOPAUSE -dQUIET -dFirstPage=1 -dLastPage=1 -sDEVICE=bmpgray -r150 -dTextAlphaBits=4 -dGraphicsAlphaBits=4 -dColorConversionStrategy=\/LeaveColorUnchanged -dDownScaleFactor=1 -sOutputFile=\"C:\\Users\\DUYDUO~1\\AppData\\Local\\Temp\/pdf_to_bmp_gs_68387ef1690d5.bmp\" \"C:\\Users\\DUYDUO~1\\AppData\\Local\\Temp\/Tem_NhapKho_HeThong_P0525_001_20250529173617.pdf\" 2>&1","return_code":0,"execution_time":0.4202239513397217,"output":""}
[2025-05-29 17:36:17] Lưu cache thành công | {"cache_file":"D:\\QL_NhapXuatKho_MAJ5\/cache\/pdf_to_bmp\/pdf_bmp_3661489391b47ed24ff4d26d2e4a199d.bmp"}
[2025-05-29 17:36:17] Chuyển đổi PDF sang BMP thành công với Ghostscript | {"bmp_file":"C:\\Users\\DUYDUO~1\\AppData\\Local\\Temp\/pdf_to_bmp_gs_68387ef1690d5.bmp","size":542958,"execution_time":0.4202239513397217,"dpi":150}
[2025-05-29 17:38:09] Imagick không được cài đặt, chuyển sang Ghostscript | {"file":"C:\\Users\\DUYDUO~1\\AppData\\Local\\Temp\/Tem_NhapKho_HeThong_P0525_001_20250529173809.pdf"}
[2025-05-29 17:38:10] Chạy lệnh Ghostscript | {"command":"\"C:\\Program Files\\gs\\gs10.05.1\\bin\\gswin64c.exe\" -dSAFER -dBATCH -dNOPAUSE -dQUIET -dFirstPage=1 -dLastPage=1 -sDEVICE=bmpgray -r150 -dTextAlphaBits=4 -dGraphicsAlphaBits=4 -dColorConversionStrategy=\/LeaveColorUnchanged -dDownScaleFactor=1 -sOutputFile=\"C:\\Users\\DUYDUO~1\\AppData\\Local\\Temp\/pdf_to_bmp_gs_68387f61b8bb7.bmp\" \"C:\\Users\\DUYDUO~1\\AppData\\Local\\Temp\/Tem_NhapKho_HeThong_P0525_001_20250529173809.pdf\" 2>&1","return_code":0,"execution_time":0.31492114067077637,"output":""}
[2025-05-29 17:38:10] Lưu cache thành công | {"cache_file":"D:\\QL_NhapXuatKho_MAJ5\/cache\/pdf_to_bmp\/pdf_bmp_2c2cb47d38e34e3fcc51163641855a39.bmp"}
[2025-05-29 17:38:10] Chuyển đổi PDF sang BMP thành công với Ghostscript | {"bmp_file":"C:\\Users\\DUYDUO~1\\AppData\\Local\\Temp\/pdf_to_bmp_gs_68387f61b8bb7.bmp","size":542958,"execution_time":0.31492114067077637,"dpi":150}
[2025-05-29 17:42:08] Imagick không được cài đặt, chuyển sang Ghostscript | {"file":"C:\\Users\\DUYDUO~1\\AppData\\Local\\Temp\/Tem_NhapKho_HeThong_P0525_001_20250529174208.pdf"}
[2025-05-29 17:42:08] Chạy lệnh Ghostscript | {"command":"\"C:\\Program Files\\gs\\gs10.05.1\\bin\\gswin64c.exe\" -dSAFER -dBATCH -dNOPAUSE -dQUIET -dFirstPage=1 -dLastPage=1 -sDEVICE=bmpgray -r150 -dTextAlphaBits=4 -dGraphicsAlphaBits=4 -dColorConversionStrategy=\/LeaveColorUnchanged -dDownScaleFactor=1 -sOutputFile=\"C:\\Users\\DUYDUO~1\\AppData\\Local\\Temp\/pdf_to_bmp_gs_683880500f28f.bmp\" \"C:\\Users\\DUYDUO~1\\AppData\\Local\\Temp\/Tem_NhapKho_HeThong_P0525_001_20250529174208.pdf\" 2>&1","return_code":0,"execution_time":0.319242000579834,"output":""}
[2025-05-29 17:42:08] Lưu cache thành công | {"cache_file":"D:\\QL_NhapXuatKho_MAJ5\/cache\/pdf_to_bmp\/pdf_bmp_ee81c2c48da074aec06d449258a1125e.bmp"}
[2025-05-29 17:42:08] Chuyển đổi PDF sang BMP thành công với Ghostscript | {"bmp_file":"C:\\Users\\DUYDUO~1\\AppData\\Local\\Temp\/pdf_to_bmp_gs_683880500f28f.bmp","size":542958,"execution_time":0.319242000579834,"dpi":150}
[2025-05-29 18:13:10] Imagick không được cài đặt, chuyển sang Ghostscript | {"file":"C:\\Users\\DUYDUO~1\\AppData\\Local\\Temp\/Tem_NhapKho_HeThong_T0525_001_20250529181310.pdf"}
[2025-05-29 18:13:10] Chạy lệnh Ghostscript | {"command":"\"C:\\Program Files\\gs\\gs10.05.1\\bin\\gswin64c.exe\" -dSAFER -dBATCH -dNOPAUSE -dQUIET -dFirstPage=1 -dLastPage=1 -sDEVICE=bmpgray -r150 -dTextAlphaBits=4 -dGraphicsAlphaBits=4 -dColorConversionStrategy=\/LeaveColorUnchanged -dDownScaleFactor=1 -sOutputFile=\"C:\\Users\\DUYDUO~1\\AppData\\Local\\Temp\/pdf_to_bmp_gs_683887964abf3.bmp\" \"C:\\Users\\DUYDUO~1\\AppData\\Local\\Temp\/Tem_NhapKho_HeThong_T0525_001_20250529181310.pdf\" 2>&1","return_code":0,"execution_time":0.4174787998199463,"output":""}
[2025-05-29 18:13:10] Lưu cache thành công | {"cache_file":"D:\\QL_NhapXuatKho_MAJ5\/cache\/pdf_to_bmp\/pdf_bmp_f582b541acf3982236060e135d1c2a46.bmp"}
[2025-05-29 18:13:10] Chuyển đổi PDF sang BMP thành công với Ghostscript | {"bmp_file":"C:\\Users\\DUYDUO~1\\AppData\\Local\\Temp\/pdf_to_bmp_gs_683887964abf3.bmp","size":542958,"execution_time":0.4174787998199463,"dpi":150}
[2025-05-29 18:28:47] Imagick không được cài đặt, chuyển sang Ghostscript | {"file":"C:\\Users\\DUYDUO~1\\AppData\\Local\\Temp\/Tem_NhapKho_HeThong_P0525_001_20250529182847.pdf"}
[2025-05-29 18:28:47] Chạy lệnh Ghostscript | {"command":"\"C:\\Program Files\\gs\\gs10.05.1\\bin\\gswin64c.exe\" -dSAFER -dBATCH -dNOPAUSE -dQUIET -dFirstPage=1 -dLastPage=1 -sDEVICE=bmpgray -r150 -dTextAlphaBits=4 -dGraphicsAlphaBits=4 -dColorConversionStrategy=\/LeaveColorUnchanged -dDownScaleFactor=1 -sOutputFile=\"C:\\Users\\DUYDUO~1\\AppData\\Local\\Temp\/pdf_to_bmp_gs_68388b3f9fadc.bmp\" \"C:\\Users\\DUYDUO~1\\AppData\\Local\\Temp\/Tem_NhapKho_HeThong_P0525_001_20250529182847.pdf\" 2>&1","return_code":0,"execution_time":0.3054511547088623,"output":""}
[2025-05-29 18:28:47] Lưu cache thành công | {"cache_file":"D:\\QL_NhapXuatKho_MAJ5\/cache\/pdf_to_bmp\/pdf_bmp_b7021526bc2c8e61a11790b72eda5183.bmp"}
[2025-05-29 18:28:47] Chuyển đổi PDF sang BMP thành công với Ghostscript | {"bmp_file":"C:\\Users\\DUYDUO~1\\AppData\\Local\\Temp\/pdf_to_bmp_gs_68388b3f9fadc.bmp","size":542958,"execution_time":0.3054511547088623,"dpi":150}
[2025-05-29 18:43:07] Imagick không được cài đặt, chuyển sang Ghostscript | {"file":"D:\\QL_NhapXuatKho_MAJ5\\TP_NhapKho\/uploads\/Tem_NhapKho_HeThong_P0525_001_20250529184307.pdf"}
[2025-05-29 18:43:08] Chạy lệnh Ghostscript | {"command":"\"C:\\Program Files\\gs\\gs10.05.1\\bin\\gswin64c.exe\" -dSAFER -dBATCH -dNOPAUSE -dQUIET -dFirstPage=1 -dLastPage=1 -sDEVICE=bmpgray -r150 -dTextAlphaBits=4 -dGraphicsAlphaBits=4 -dColorConversionStrategy=\/LeaveColorUnchanged -dDownScaleFactor=1 -sOutputFile=\"C:\\Users\\DUYDUO~1\\AppData\\Local\\Temp\/pdf_to_bmp_gs_68388e9bf1bff.bmp\" \"D:\\QL_NhapXuatKho_MAJ5\\TP_NhapKho\/uploads\/Tem_NhapKho_HeThong_P0525_001_20250529184307.pdf\" 2>&1","return_code":0,"execution_time":0.3060619831085205,"output":""}
[2025-05-29 18:43:08] Lưu cache thành công | {"cache_file":"D:\\QL_NhapXuatKho_MAJ5\/cache\/pdf_to_bmp\/pdf_bmp_dc410945fb2121b5d3115b1726bf3f89.bmp"}
[2025-05-29 18:43:08] Chuyển đổi PDF sang BMP thành công với Ghostscript | {"bmp_file":"C:\\Users\\DUYDUO~1\\AppData\\Local\\Temp\/pdf_to_bmp_gs_68388e9bf1bff.bmp","size":542958,"execution_time":0.3060619831085205,"dpi":150}
[2025-05-29 18:43:56] Imagick không được cài đặt, chuyển sang Ghostscript | {"file":"D:\\QL_NhapXuatKho_MAJ5\\TP_NhapKho\/uploads\/Tem_NhapKho_KhachLe_P0525_001_20250529184356.pdf"}
[2025-05-29 18:43:56] Chạy lệnh Ghostscript | {"command":"\"C:\\Program Files\\gs\\gs10.05.1\\bin\\gswin64c.exe\" -dSAFER -dBATCH -dNOPAUSE -dQUIET -dFirstPage=1 -dLastPage=1 -sDEVICE=bmpgray -r150 -dTextAlphaBits=4 -dGraphicsAlphaBits=4 -dColorConversionStrategy=\/LeaveColorUnchanged -dDownScaleFactor=1 -sOutputFile=\"C:\\Users\\DUYDUO~1\\AppData\\Local\\Temp\/pdf_to_bmp_gs_68388ecc9daef.bmp\" \"D:\\QL_NhapXuatKho_MAJ5\\TP_NhapKho\/uploads\/Tem_NhapKho_KhachLe_P0525_001_20250529184356.pdf\" 2>&1","return_code":0,"execution_time":0.24232006072998047,"output":""}
[2025-05-29 18:43:56] Lưu cache thành công | {"cache_file":"D:\\QL_NhapXuatKho_MAJ5\/cache\/pdf_to_bmp\/pdf_bmp_989a7b22fa78cf96ae15d2bf02a47466.bmp"}
[2025-05-29 18:43:56] Chuyển đổi PDF sang BMP thành công với Ghostscript | {"bmp_file":"C:\\Users\\DUYDUO~1\\AppData\\Local\\Temp\/pdf_to_bmp_gs_68388ecc9daef.bmp","size":542958,"execution_time":0.24232006072998047,"dpi":150}
[2025-05-29 18:44:16] Imagick không được cài đặt, chuyển sang Ghostscript | {"file":"D:\\QL_NhapXuatKho_MAJ5\\TP_NhapKho\/uploads\/Tem_NhapKho_HeThong_P0525_001_20250529184416.pdf"}
[2025-05-29 18:44:16] Chạy lệnh Ghostscript | {"command":"\"C:\\Program Files\\gs\\gs10.05.1\\bin\\gswin64c.exe\" -dSAFER -dBATCH -dNOPAUSE -dQUIET -dFirstPage=1 -dLastPage=1 -sDEVICE=bmpgray -r150 -dTextAlphaBits=4 -dGraphicsAlphaBits=4 -dColorConversionStrategy=\/LeaveColorUnchanged -dDownScaleFactor=1 -sOutputFile=\"C:\\Users\\DUYDUO~1\\AppData\\Local\\Temp\/pdf_to_bmp_gs_68388ee06fc2e.bmp\" \"D:\\QL_NhapXuatKho_MAJ5\\TP_NhapKho\/uploads\/Tem_NhapKho_HeThong_P0525_001_20250529184416.pdf\" 2>&1","return_code":0,"execution_time":0.31292200088500977,"output":""}
[2025-05-29 18:44:16] Lưu cache thành công | {"cache_file":"D:\\QL_NhapXuatKho_MAJ5\/cache\/pdf_to_bmp\/pdf_bmp_c5dbdbf34d0ee507938a4cc8b4086284.bmp"}
[2025-05-29 18:44:16] Chuyển đổi PDF sang BMP thành công với Ghostscript | {"bmp_file":"C:\\Users\\DUYDUO~1\\AppData\\Local\\Temp\/pdf_to_bmp_gs_68388ee06fc2e.bmp","size":542958,"execution_time":0.31292200088500977,"dpi":150}
[2025-05-29 18:44:29] Imagick không được cài đặt, chuyển sang Ghostscript | {"file":"D:\\QL_NhapXuatKho_MAJ5\\TP_NhapKho\/uploads\/Tem_NhapKho_HeThong_P0525_001_20250529184429.pdf"}
[2025-05-29 18:44:29] Chạy lệnh Ghostscript | {"command":"\"C:\\Program Files\\gs\\gs10.05.1\\bin\\gswin64c.exe\" -dSAFER -dBATCH -dNOPAUSE -dQUIET -dFirstPage=1 -dLastPage=1 -sDEVICE=bmpgray -r150 -dTextAlphaBits=4 -dGraphicsAlphaBits=4 -dColorConversionStrategy=\/LeaveColorUnchanged -dDownScaleFactor=1 -sOutputFile=\"C:\\Users\\DUYDUO~1\\AppData\\Local\\Temp\/pdf_to_bmp_gs_68388eeda5d1f.bmp\" \"D:\\QL_NhapXuatKho_MAJ5\\TP_NhapKho\/uploads\/Tem_NhapKho_HeThong_P0525_001_20250529184429.pdf\" 2>&1","return_code":0,"execution_time":0.3114449977874756,"output":""}
[2025-05-29 18:44:29] Lưu cache thành công | {"cache_file":"D:\\QL_NhapXuatKho_MAJ5\/cache\/pdf_to_bmp\/pdf_bmp_d149b91c269f6c1a854ee8dad39616b5.bmp"}
[2025-05-29 18:44:29] Chuyển đổi PDF sang BMP thành công với Ghostscript | {"bmp_file":"C:\\Users\\DUYDUO~1\\AppData\\Local\\Temp\/pdf_to_bmp_gs_68388eeda5d1f.bmp","size":542958,"execution_time":0.3114449977874756,"dpi":150}
[2025-05-29 18:45:49] Imagick không được cài đặt, chuyển sang Ghostscript | {"file":"D:\\QL_NhapXuatKho_MAJ5\\TP_NhapKho\/uploads\/Tem_NhapKho_HeThong_P0525_001_20250529184549.pdf"}
[2025-05-29 18:45:50] Chạy lệnh Ghostscript | {"command":"\"C:\\Program Files\\gs\\gs10.05.1\\bin\\gswin64c.exe\" -dSAFER -dBATCH -dNOPAUSE -dQUIET -dFirstPage=1 -dLastPage=1 -sDEVICE=bmpgray -r150 -dTextAlphaBits=4 -dGraphicsAlphaBits=4 -dColorConversionStrategy=\/LeaveColorUnchanged -dDownScaleFactor=1 -sOutputFile=\"C:\\Users\\DUYDUO~1\\AppData\\Local\\Temp\/pdf_to_bmp_gs_68388f3dce276.bmp\" \"D:\\QL_NhapXuatKho_MAJ5\\TP_NhapKho\/uploads\/Tem_NhapKho_HeThong_P0525_001_20250529184549.pdf\" 2>&1","return_code":0,"execution_time":0.42097902297973633,"output":""}
[2025-05-29 18:45:50] Lưu cache thành công | {"cache_file":"D:\\QL_NhapXuatKho_MAJ5\/cache\/pdf_to_bmp\/pdf_bmp_50510bf5634a60d9c60de1713601d4c5.bmp"}
[2025-05-29 18:45:50] Chuyển đổi PDF sang BMP thành công với Ghostscript | {"bmp_file":"C:\\Users\\DUYDUO~1\\AppData\\Local\\Temp\/pdf_to_bmp_gs_68388f3dce276.bmp","size":542958,"execution_time":0.42097902297973633,"dpi":150}
[2025-05-29 18:46:46] Imagick không được cài đặt, chuyển sang Ghostscript | {"file":"D:\\QL_NhapXuatKho_MAJ5\\TP_NhapKho\/uploads\/Tem_NhapKho_HeThong_P0525_001_20250529184645.pdf"}
[2025-05-29 18:46:46] Chạy lệnh Ghostscript | {"command":"\"C:\\Program Files\\gs\\gs10.05.1\\bin\\gswin64c.exe\" -dSAFER -dBATCH -dNOPAUSE -dQUIET -dFirstPage=1 -dLastPage=1 -sDEVICE=bmpgray -r150 -dTextAlphaBits=4 -dGraphicsAlphaBits=4 -dColorConversionStrategy=\/LeaveColorUnchanged -dDownScaleFactor=1 -sOutputFile=\"C:\\Users\\DUYDUO~1\\AppData\\Local\\Temp\/pdf_to_bmp_gs_68388f760820d.bmp\" \"D:\\QL_NhapXuatKho_MAJ5\\TP_NhapKho\/uploads\/Tem_NhapKho_HeThong_P0525_001_20250529184645.pdf\" 2>&1","return_code":0,"execution_time":0.39798688888549805,"output":""}
[2025-05-29 18:46:46] Lưu cache thành công | {"cache_file":"D:\\QL_NhapXuatKho_MAJ5\/cache\/pdf_to_bmp\/pdf_bmp_08ea70cf8f4daf9c68507e7bfe950f44.bmp"}
[2025-05-29 18:46:46] Chuyển đổi PDF sang BMP thành công với Ghostscript | {"bmp_file":"C:\\Users\\DUYDUO~1\\AppData\\Local\\Temp\/pdf_to_bmp_gs_68388f760820d.bmp","size":542958,"execution_time":0.39798688888549805,"dpi":150}
[2025-05-29 18:48:14] Imagick không được cài đặt, chuyển sang Ghostscript | {"file":"D:\\QL_NhapXuatKho_MAJ5\\TP_NhapKho\/uploads\/Tem_NhapKho_KhachLe_P0525_001_20250529184814.pdf"}
[2025-05-29 18:48:15] Chạy lệnh Ghostscript | {"command":"\"C:\\Program Files\\gs\\gs10.05.1\\bin\\gswin64c.exe\" -dSAFER -dBATCH -dNOPAUSE -dQUIET -dFirstPage=1 -dLastPage=1 -sDEVICE=bmpgray -r150 -dTextAlphaBits=4 -dGraphicsAlphaBits=4 -dColorConversionStrategy=\/LeaveColorUnchanged -dDownScaleFactor=1 -sOutputFile=\"C:\\Users\\DUYDUO~1\\AppData\\Local\\Temp\/pdf_to_bmp_gs_68388fceef2b9.bmp\" \"D:\\QL_NhapXuatKho_MAJ5\\TP_NhapKho\/uploads\/Tem_NhapKho_KhachLe_P0525_001_20250529184814.pdf\" 2>&1","return_code":0,"execution_time":0.24687600135803223,"output":""}
[2025-05-29 18:48:15] Lưu cache thành công | {"cache_file":"D:\\QL_NhapXuatKho_MAJ5\/cache\/pdf_to_bmp\/pdf_bmp_38e3ad55702e3184b1faf7f529d0e089.bmp"}
[2025-05-29 18:48:15] Chuyển đổi PDF sang BMP thành công với Ghostscript | {"bmp_file":"C:\\Users\\DUYDUO~1\\AppData\\Local\\Temp\/pdf_to_bmp_gs_68388fceef2b9.bmp","size":542958,"execution_time":0.24687600135803223,"dpi":150}
[2025-05-29 18:49:23] Imagick không được cài đặt, chuyển sang Ghostscript
[2025-05-29 18:49:23] Chạy lệnh Ghostscript
[2025-05-29 18:49:23] Chuyển đổi PDF sang BMP thành công với Ghostscript
[2025-05-29 18:52:03] Chạy lệnh Ghostscript {"command":"\"C:\\Program Files\\gs\\gs10.05.1\\bin\\gswin64c.exe\" -dSAFER -dBATCH -dNOPAUSE -dFirstPage=1 -dLastPage=1 -sDEVICE=bmp16m -r150 -dTextAlphaBits=4 -dGraphicsAlphaBits=4 -sOutputFile=\"C:\\Users\\DUYDUO~1\\AppData\\Local\\Temp/pdf_to_bmp_gs_683890b3793d56.39759409.bmp\" \"D:\\QL_NhapXuatKho_MAJ5\\TP_NhapKho/uploads/Tem_NhapKho_HeThong_P0525_001_20250529185203.pdf\" 2>&1","return_code":0}
[2025-05-29 18:52:03] Chuyển đổi thành công với Ghostscript {"bmp_file":"C:\\Users\\DUYDUO~1\\AppData\\Local\\Temp/pdf_to_bmp_gs_683890b3793d56.39759409.bmp","size":1625694}
[2025-05-29 18:54:08] WARNING: Phương thức convertWithImagick thất bại {"error":"Extension Imagick không khả dụng","file":"D:\\QL_NhapXuatKho_MAJ5\\TP_NhapKho\/uploads\/Tem_NhapKho_HeThong_P0525_001_20250529185408.pdf"}
[2025-05-29 18:54:08] DEBUG: Thực thi lệnh Ghostscript: "C:\Program Files\gs\gs10.05.1\bin\gswin64c.exe" -dSAFER -dBATCH -dNOPAUSE -dFirstPage=1 -dLastPage=1 -sDEVICE=bmp16m -r150 -dTextAlphaBits=4 -dGraphicsAlphaBits=4 -sOutputFile="C:\Users\DUYDUO~1\AppData\Local\Temp\pdf_to_bmp_ghostscript_683891301d394.bmp" "D:\QL_NhapXuatKho_MAJ5\TP_NhapKho/uploads/Tem_NhapKho_HeThong_P0525_001_20250529185408.pdf" 2>&1
[2025-05-29 18:54:08] INFO: Chuyển đổi thành công với phương thức: convertWithGhostscript {"input":"D:\\QL_NhapXuatKho_MAJ5\\TP_NhapKho\/uploads\/Tem_NhapKho_HeThong_P0525_001_20250529185408.pdf","output":"C:\\Users\\DUYDUO~1\\AppData\\Local\\Temp\\pdf_to_bmp_ghostscript_683891301d394.bmp","method":"convertWithGhostscript"}
[2025-05-29 18:54:28] Imagick không được cài đặt, chuyển sang Ghostscript
[2025-05-29 18:54:29] Chạy lệnh Ghostscript
[2025-05-29 18:54:29] Chuyển đổi PDF sang BMP thành công với Ghostscript
[2025-05-29 19:20:44] Imagick không được cài đặt, chuyển sang Ghostscript
[2025-05-29 19:20:44] Chạy lệnh Ghostscript
[2025-05-29 19:20:44] Chuyển đổi PDF sang BMP thành công với Ghostscript
[2025-05-29 19:30:23] Imagick không được cài đặt, chuyển sang Ghostscript
[2025-05-29 19:30:23] Chạy lệnh Ghostscript
[2025-05-29 19:30:23] Chuyển đổi PDF sang BMP thành công với Ghostscript
[2025-05-29 19:48:09] Imagick không được cài đặt, chuyển sang Ghostscript
[2025-05-29 19:48:09] Chạy lệnh Ghostscript
[2025-05-29 19:48:09] Chuyển đổi PDF sang BMP thành công với Ghostscript
[2025-05-29 19:56:02] Imagick không được cài đặt, chuyển sang Ghostscript
[2025-05-29 19:56:02] Chạy lệnh Ghostscript
[2025-05-29 19:56:02] Chuyển đổi PDF sang BMP thành công với Ghostscript
[2025-05-29 20:01:40] Imagick không được cài đặt, chuyển sang Ghostscript
[2025-05-29 20:01:40] Chạy lệnh Ghostscript
[2025-05-29 20:01:40] Chuyển đổi PDF sang BMP thành công với Ghostscript
[2025-05-29 20:01:55] Imagick không được cài đặt, chuyển sang Ghostscript
[2025-05-29 20:01:55] Chạy lệnh Ghostscript
[2025-05-29 20:01:55] Chuyển đổi PDF sang BMP thành công với Ghostscript
[2025-05-30 05:06:34] Imagick không được cài đặt, chuyển sang Ghostscript
[2025-05-30 05:06:34] Chạy lệnh Ghostscript
[2025-05-30 05:06:34] Chuyển đổi PDF sang BMP thành công với Ghostscript
[2025-05-30 05:14:06] Imagick không được cài đặt, chuyển sang Ghostscript
[2025-05-30 05:14:07] Chạy lệnh Ghostscript
[2025-05-30 05:14:07] Chuyển đổi PDF sang BMP thành công với Ghostscript
[2025-05-30 05:26:19] Imagick không được cài đặt, chuyển sang Ghostscript
[2025-05-30 05:26:19] Chạy lệnh Ghostscript
[2025-05-30 05:26:19] Chuyển đổi PDF sang BMP thành công với Ghostscript
[2025-05-30 05:26:31] Imagick không được cài đặt, chuyển sang Ghostscript
[2025-05-30 05:26:31] Chạy lệnh Ghostscript
[2025-05-30 05:26:31] Chuyển đổi PDF sang BMP thành công với Ghostscript
[2025-05-30 05:28:43] Imagick không được cài đặt, chuyển sang Ghostscript
[2025-05-30 05:28:44] Chạy lệnh Ghostscript
[2025-05-30 05:28:44] Chuyển đổi PDF sang BMP thành công với Ghostscript
[2025-05-30 05:30:13] Imagick không được cài đặt, chuyển sang Ghostscript
[2025-05-30 05:30:13] Chạy lệnh Ghostscript
[2025-05-30 05:30:13] Chuyển đổi PDF sang BMP thành công với Ghostscript
[2025-05-30 05:46:58] Imagick không được cài đặt, chuyển sang Ghostscript
[2025-05-30 05:46:59] Chạy lệnh Ghostscript
[2025-05-30 05:46:59] Chuyển đổi PDF sang BMP thành công với Ghostscript
[2025-05-30 05:47:45] Imagick không được cài đặt, chuyển sang Ghostscript
[2025-05-30 05:47:46] Chạy lệnh Ghostscript
[2025-05-30 05:47:46] Chuyển đổi PDF sang BMP thành công với Ghostscript
[2025-05-30 05:53:56] Imagick không được cài đặt, chuyển sang Ghostscript
[2025-05-30 05:53:57] Chạy lệnh Ghostscript
[2025-05-30 05:53:57] Chuyển đổi PDF sang BMP thành công với Ghostscript
[2025-05-30 05:56:14] Imagick không được cài đặt, chuyển sang Ghostscript
[2025-05-30 05:56:15] Chạy lệnh Ghostscript
[2025-05-30 05:56:15] Chuyển đổi PDF sang BMP thành công với Ghostscript
[2025-05-30 05:58:36] Imagick không được cài đặt, chuyển sang Ghostscript
[2025-05-30 05:58:37] Chạy lệnh Ghostscript
[2025-05-30 05:58:37] Chuyển đổi PDF sang BMP thành công với Ghostscript
[2025-05-30 06:04:20] Imagick không được cài đặt, chuyển sang Ghostscript
[2025-05-30 06:04:20] Chạy lệnh Ghostscript
[2025-05-30 06:04:20] Chuyển đổi PDF sang BMP thành công với Ghostscript
[2025-05-30 06:05:21] Imagick không được cài đặt, chuyển sang Ghostscript
[2025-05-30 06:05:21] Chạy lệnh Ghostscript
[2025-05-30 06:05:21] Chuyển đổi PDF sang BMP thành công với Ghostscript
[2025-05-30 06:07:47] Imagick không được cài đặt, chuyển sang Ghostscript
[2025-05-30 06:07:47] Chạy lệnh Ghostscript
[2025-05-30 06:07:47] Chuyển đổi PDF sang BMP thành công với Ghostscript
[2025-05-30 06:15:05] Imagick không được cài đặt, chuyển sang Ghostscript
[2025-05-30 06:15:05] Chạy lệnh Ghostscript
[2025-05-30 06:15:05] Chuyển đổi PDF sang BMP thành công với Ghostscript
[2025-05-30 06:22:15] Imagick không được cài đặt, chuyển sang Ghostscript
[2025-05-30 06:22:15] Chạy lệnh Ghostscript
[2025-05-30 06:22:15] Chuyển đổi PDF sang BMP thành công với Ghostscript
[2025-05-30 06:29:33] Imagick không được cài đặt, chuyển sang Ghostscript
[2025-05-30 06:29:34] Chạy lệnh Ghostscript
[2025-05-30 06:29:34] Chuyển đổi PDF sang BMP thành công với Ghostscript
[2025-05-30 06:33:19] Imagick không được cài đặt, chuyển sang Ghostscript
[2025-05-30 06:33:19] Chạy lệnh Ghostscript
[2025-05-30 06:33:19] Chuyển đổi PDF sang BMP thành công với Ghostscript
[2025-05-30 06:35:49] Imagick không được cài đặt, chuyển sang Ghostscript
[2025-05-30 06:35:49] Chạy lệnh Ghostscript
[2025-05-30 06:35:49] Chuyển đổi PDF sang BMP thành công với Ghostscript
[2025-05-30 06:39:27] Imagick không được cài đặt, chuyển sang Ghostscript
[2025-05-30 06:39:27] Chạy lệnh Ghostscript
[2025-05-30 06:39:27] Chuyển đổi PDF sang BMP thành công với Ghostscript
[2025-05-30 07:23:03] Imagick không khả dụng, chuyển sang Ghostscript | file: D:\QL_NhapXuatKho_MAJ5\TP_NhapKho/uploads/Tem_NhapKho_HeThong_P0525_001_20250530072303.pdf
[2025-05-30 07:23:04] Chạy lệnh Ghostscript | command: "C:\Program Files\gs\gs10.05.1\bin\gswin64c.exe" -dSAFER -dBATCH -dNOPAUSE -dFirstPage=1 -dLastPage=1 -sDEVICE=bmpmono -r100 -sOutputFile="C:\Users\DUYDUO~1\AppData\Local\Temp/pdf_to_bmp_e49257b3e6db0a4d384ba5fa60b64317.bmp" "D:\QL_NhapXuatKho_MAJ5\TP_NhapKho/uploads/Tem_NhapKho_HeThong_P0525_001_20250530072303.pdf" 2>&1 | return_code: 0
[2025-05-30 07:23:04] Chuyển đổi PDF sang BMP thành công với Ghostscript | bmp_file: C:\Users\DUYDUO~1\AppData\Local\Temp/pdf_to_bmp_e49257b3e6db0a4d384ba5fa60b64317.bmp | size: 30378 | execution_time: 274.15ms
[2025-05-30 07:23:24] Imagick không khả dụng, chuyển sang Ghostscript | file: D:\QL_NhapXuatKho_MAJ5\TP_NhapKho/uploads/Tem_NhapKho_HeThong_P0525_001_20250530072324.pdf
[2025-05-30 07:23:24] Chạy lệnh Ghostscript | command: "C:\Program Files\gs\gs10.05.1\bin\gswin64c.exe" -dSAFER -dBATCH -dNOPAUSE -dFirstPage=1 -dLastPage=1 -sDEVICE=bmpmono -r150 -sOutputFile="C:\Users\DUYDUO~1\AppData\Local\Temp/pdf_to_bmp_19e09d0a1b221b67d755670be1598a59.bmp" "D:\QL_NhapXuatKho_MAJ5\TP_NhapKho/uploads/Tem_NhapKho_HeThong_P0525_001_20250530072324.pdf" 2>&1 | return_code: 0
[2025-05-30 07:23:24] Chuyển đổi PDF sang BMP thành công với Ghostscript | bmp_file: C:\Users\DUYDUO~1\AppData\Local\Temp/pdf_to_bmp_19e09d0a1b221b67d755670be1598a59.bmp | size: 69982 | execution_time: 289.19ms
[2025-05-30 07:34:56] Không thể khởi động Ghostscript bằng proc_open
[2025-05-30 07:34:56] Imagick không được cài đặt | {"file":"D:\\QL_NhapXuatKho_MAJ5\\TP_NhapKho\/uploads\/Tem_NhapKho_HeThong_P0525_001_20250530073456.pdf"}
[2025-05-30 07:35:01] Không thể khởi động Ghostscript bằng proc_open
[2025-05-30 07:35:01] Imagick không được cài đặt | {"file":"D:\\QL_NhapXuatKho_MAJ5\\TP_NhapKho\/uploads\/Tem_NhapKho_HeThong_P0525_001_20250530073501.pdf"}
[2025-05-30 07:35:09] Imagick không được cài đặt, chuyển sang Ghostscript
[2025-05-30 07:35:10] Chạy lệnh Ghostscript
[2025-05-30 07:35:10] Chuyển đổi PDF sang BMP thành công với Ghostscript
[2025-05-30 07:36:34] Imagick không được cài đặt, chuyển sang Ghostscript
[2025-05-30 07:36:34] Chạy lệnh Ghostscript
[2025-05-30 07:36:34] Chuyển đổi PDF sang BMP thành công với Ghostscript
[2025-05-30 07:37:07] Imagick không được cài đặt, chuyển sang Ghostscript
[2025-05-30 07:37:07] Chạy lệnh Ghostscript
[2025-05-30 07:37:07] Chuyển đổi PDF sang BMP thành công với Ghostscript
[2025-05-30 07:38:10] Imagick không được cài đặt, chuyển sang Ghostscript
[2025-05-30 07:38:11] Chạy lệnh Ghostscript
[2025-05-30 07:38:11] Chuyển đổi PDF sang BMP thành công với Ghostscript
[2025-05-30 07:38:31] Imagick không được cài đặt, chuyển sang Ghostscript
[2025-05-30 07:38:31] Chạy lệnh Ghostscript
[2025-05-30 07:38:31] Chuyển đổi PDF sang BMP thành công với Ghostscript
[2025-05-30 07:39:58] Imagick không được cài đặt, chuyển sang Ghostscript
[2025-05-30 07:39:58] Chạy lệnh Ghostscript
[2025-05-30 07:39:58] Chuyển đổi PDF sang BMP thành công với Ghostscript
[2025-05-30 07:42:07] Imagick không được cài đặt, chuyển sang Ghostscript
[2025-05-30 07:42:08] Chạy lệnh Ghostscript
[2025-05-30 07:42:08] Chuyển đổi PDF sang BMP thành công với Ghostscript
[2025-05-30 07:43:18] Imagick không được cài đặt, chuyển sang Ghostscript
[2025-05-30 07:43:18] Chạy lệnh Ghostscript
[2025-05-30 07:43:18] Chuyển đổi PDF sang BMP thành công với Ghostscript
[2025-05-30 07:46:42] Imagick không được cài đặt, chuyển sang Ghostscript
[2025-05-30 07:46:42] Chạy lệnh Ghostscript
[2025-05-30 07:46:42] Chuyển đổi PDF sang BMP thành công với Ghostscript
[2025-05-30 07:48:06] Imagick không được cài đặt, chuyển sang Ghostscript
[2025-05-30 07:48:07] Chạy lệnh Ghostscript
[2025-05-30 07:48:07] Chuyển đổi PDF sang BMP thành công với Ghostscript
[2025-05-30 07:48:48] Imagick không được cài đặt, chuyển sang Ghostscript
[2025-05-30 07:48:48] Chạy lệnh Ghostscript
[2025-05-30 07:48:48] Chuyển đổi PDF sang BMP thành công với Ghostscript
[2025-05-30 07:49:56] Imagick không được cài đặt, chuyển sang Ghostscript
[2025-05-30 07:49:56] Chạy lệnh Ghostscript
[2025-05-30 07:49:56] Chuyển đổi PDF sang BMP thành công với Ghostscript
[2025-05-30 08:35:13] Imagick không được cài đặt, chuyển sang Ghostscript
[2025-05-30 08:35:13] Chạy lệnh Ghostscript
[2025-05-30 08:35:13] Chuyển đổi PDF sang BMP thành công với Ghostscript
[2025-05-30 08:40:36] Imagick không được cài đặt, chuyển sang Ghostscript
[2025-05-30 08:40:36] Chạy lệnh Ghostscript
[2025-05-30 08:40:36] Chuyển đổi PDF sang BMP thành công với Ghostscript
[2025-05-30 08:45:34] Imagick không được cài đặt, chuyển sang Ghostscript
[2025-05-30 08:45:34] Chạy lệnh Ghostscript
[2025-05-30 08:45:34] Chuyển đổi PDF sang BMP thành công với Ghostscript
[2025-05-30 08:48:56] Imagick không được cài đặt, chuyển sang Ghostscript
[2025-05-30 08:48:56] Chạy lệnh Ghostscript
[2025-05-30 08:48:56] Chuyển đổi PDF sang BMP thành công với Ghostscript
[2025-05-30 08:54:27] Imagick không được cài đặt, chuyển sang Ghostscript
[2025-05-30 08:54:27] Chạy lệnh Ghostscript
[2025-05-30 08:54:27] Chuyển đổi PDF sang BMP thành công với Ghostscript
[2025-05-30 19:08:04] Imagick không được cài đặt, chuyển sang Ghostscript
[2025-05-30 19:08:04] Chạy lệnh Ghostscript
[2025-05-30 19:08:04] Chuyển đổi PDF sang BMP thành công với Ghostscript
[2025-05-30 21:47:44] Imagick không được cài đặt, chuyển sang Ghostscript
[2025-05-30 21:47:44] Chạy lệnh Ghostscript
[2025-05-30 21:47:44] Chuyển đổi PDF sang BMP thành công với Ghostscript
[2025-05-30 21:57:27] Imagick không được cài đặt, chuyển sang Ghostscript
[2025-05-30 21:57:27] Chạy lệnh Ghostscript
[2025-05-30 21:57:27] Chuyển đổi PDF sang BMP thành công với Ghostscript
[2025-05-30 21:57:50] Imagick không được cài đặt, chuyển sang Ghostscript
[2025-05-30 21:57:50] Chạy lệnh Ghostscript
[2025-05-30 21:57:50] Chuyển đổi PDF sang BMP thành công với Ghostscript
[2025-05-30 22:01:17] Imagick không được cài đặt, chuyển sang Ghostscript
[2025-05-30 22:01:17] Chạy lệnh Ghostscript
[2025-05-30 22:01:17] Chuyển đổi PDF sang BMP thành công với Ghostscript
[2025-05-30 22:02:50] Imagick không được cài đặt, chuyển sang Ghostscript
[2025-05-30 22:02:50] Chạy lệnh Ghostscript
[2025-05-30 22:02:50] Chuyển đổi PDF sang BMP thành công với Ghostscript
[2025-05-30 22:17:08] Imagick không được cài đặt, chuyển sang Ghostscript
[2025-05-30 22:17:08] Chạy lệnh Ghostscript để tách trang
[2025-05-30 22:17:08] Tìm thấy các trang
[2025-05-30 22:17:08] Lỗi khi ghép với ImageMagick CLI
[2025-05-30 22:20:55] Imagick không được cài đặt, chuyển sang Ghostscript
[2025-05-30 22:20:55] Chạy lệnh Ghostscript để tách trang
[2025-05-30 22:20:55] Tìm thấy các trang
[2025-05-30 22:20:55] Lỗi khi ghép với ImageMagick CLI
[2025-05-30 22:21:00] Imagick không được cài đặt, chuyển sang Ghostscript
[2025-05-30 22:21:00] Chạy lệnh Ghostscript để tách trang
[2025-05-30 22:21:00] Tìm thấy các trang
[2025-05-30 22:21:00] Lỗi khi ghép với ImageMagick CLI
[2025-05-30 22:21:22] Imagick không được cài đặt, chuyển sang Ghostscript
[2025-05-30 22:21:22] Chạy lệnh Ghostscript để tách trang
[2025-05-30 22:21:22] Tìm thấy các trang
[2025-05-30 22:21:22] Lỗi khi ghép với ImageMagick CLI
[2025-05-30 22:21:43] Imagick không được cài đặt, chuyển sang Ghostscript
[2025-05-30 22:21:44] Chạy lệnh Ghostscript để tách trang
[2025-05-30 22:21:44] Tìm thấy các trang
[2025-05-30 22:21:44] Lỗi khi ghép với ImageMagick CLI
[2025-05-30 22:22:24] Imagick không được cài đặt, chuyển sang Ghostscript
[2025-05-30 22:22:25] Chạy lệnh Ghostscript
[2025-05-30 22:22:25] Chuyển đổi PDF sang BMP thành công với Ghostscript
[2025-06-01 15:27:54] Bắt đầu chuyển đổi PDF sang BMP trong bộ nhớ | {"data_length":155047}
[2025-06-01 15:27:55] Số trang PDF phát hiện | {"page_count":1}
[2025-06-01 15:27:55] Xử lý trang | {"page":1,"total":1}
[2025-06-01 15:27:55] Kích thước gốc trang 1 | {"width":298,"height":420}
[2025-06-01 15:27:55] Chuyển đổi trang 1 thành công | {"page":1,"bmp_data_length":16930}
[2025-06-01 15:27:55] Chuyển đổi hoàn tất | {"total_files":1}
[2025-06-01 15:34:11] Bắt đầu chuyển đổi PDF sang BMP trong bộ nhớ | {"data_length":155047}
[2025-06-01 15:34:11] Số trang PDF phát hiện | {"page_count":1}
[2025-06-01 15:34:11] Xử lý trang | {"page":1,"total":1}
[2025-06-01 15:34:11] Kích thước gốc trang 1 | {"width":298,"height":420}
[2025-06-01 15:34:11] Chuyển đổi trang 1 thành công | {"page":1,"bmp_data_length":16930}
[2025-06-01 15:34:11] Chuyển đổi hoàn tất | {"total_files":1}
[2025-06-01 15:43:23] Bắt đầu chuyển đổi PDF sang BMP trong bộ nhớ | {"data_length":155047}
[2025-06-01 15:43:24] Số trang PDF phát hiện | {"page_count":1}
[2025-06-01 15:43:24] Xử lý trang | {"page":1,"total":1}
[2025-06-01 15:43:24] Kích thước gốc trang 1 | {"width":298,"height":420}
[2025-06-01 15:43:24] Chuyển đổi trang 1 thành công | {"page":1,"bmp_data_length":16930}
[2025-06-01 15:43:24] Chuyển đổi hoàn tất | {"total_files":1}
[2025-06-01 15:45:55] Bắt đầu chuyển đổi PDF sang BMP trong bộ nhớ | {"data_length":155047}
[2025-06-01 15:45:55] Số trang PDF phát hiện | {"page_count":1}
[2025-06-01 15:45:55] Xử lý trang | {"page":1,"total":1}
[2025-06-01 15:45:55] Kích thước gốc trang 1 | {"width":298,"height":420}
[2025-06-01 15:45:55] Chuyển đổi trang 1 thành công | {"page":1,"bmp_data_length":16930}
[2025-06-01 15:45:55] Chuyển đổi hoàn tất | {"total_files":1}
[2025-06-01 15:48:02] Bắt đầu chuyển đổi PDF sang BMP trong bộ nhớ | {"data_length":155047}
[2025-06-01 15:48:02] Số trang PDF phát hiện | {"page_count":1}
[2025-06-01 15:48:02] Xử lý trang | {"page":1,"total":1}
[2025-06-01 15:48:02] Kích thước gốc trang 1 | {"width":298,"height":420}
[2025-06-01 15:48:02] Chuyển đổi trang 1 thành công | {"page":1,"bmp_data_length":16930}
[2025-06-01 15:48:02] Chuyển đổi hoàn tất | {"total_files":1}
[2025-06-01 15:52:43] Bắt đầu chuyển đổi PDF sang BMP trong bộ nhớ | {"data_length":155047}
[2025-06-01 15:52:43] Số trang PDF phát hiện | {"page_count":1}
[2025-06-01 15:52:43] Xử lý trang | {"page":1,"total":1}
[2025-06-01 15:52:43] Kích thước gốc trang 1 | {"width":298,"height":420}
[2025-06-01 15:52:43] Chuyển đổi trang 1 thành công | {"page":1,"bmp_data_length":16930}
[2025-06-01 15:52:43] Chuyển đổi hoàn tất | {"total_files":1}
[2025-06-01 15:57:09] Bắt đầu chuyển đổi PDF sang BMP trong bộ nhớ | {"data_length":159254}
[2025-06-01 15:57:10] Số trang PDF phát hiện | {"page_count":2}
[2025-06-01 15:57:10] Xử lý trang | {"page":1,"total":2}
[2025-06-01 15:57:10] Kích thước gốc trang 1 | {"width":298,"height":420}
[2025-06-01 15:57:10] Chuyển đổi trang 1 thành công | {"page":1,"bmp_data_length":16930}
[2025-06-01 15:57:10] Xử lý trang | {"page":2,"total":2}
[2025-06-01 15:57:10] Kích thước gốc trang 2 | {"width":298,"height":420}
[2025-06-01 15:57:10] Chuyển đổi trang 2 thành công | {"page":2,"bmp_data_length":16930}
[2025-06-01 15:57:10] Chuyển đổi hoàn tất | {"total_files":2}
[2025-06-01 15:59:04] Bắt đầu chuyển đổi PDF sang BMP trong bộ nhớ | {"data_length":159254}
[2025-06-01 15:59:04] Số trang PDF phát hiện | {"page_count":2}
[2025-06-01 15:59:04] Xử lý trang | {"page":1,"total":2}
[2025-06-01 15:59:04] Kích thước gốc trang 1 | {"width":298,"height":420}
[2025-06-01 15:59:04] Chuyển đổi trang 1 thành công | {"page":1,"bmp_data_length":16930}
[2025-06-01 15:59:04] Xử lý trang | {"page":2,"total":2}
[2025-06-01 15:59:04] Kích thước gốc trang 2 | {"width":298,"height":420}
[2025-06-01 15:59:04] Chuyển đổi trang 2 thành công | {"page":2,"bmp_data_length":16930}
[2025-06-01 15:59:04] Chuyển đổi hoàn tất | {"total_files":2}
[2025-06-01 16:06:33] Bắt đầu chuyển đổi PDF sang BMP trong bộ nhớ | {"data_length":159254}
[2025-06-01 16:06:33] Số trang PDF phát hiện | {"page_count":2}
[2025-06-01 16:06:33] Xử lý trang | {"page":1,"total":2}
[2025-06-01 16:06:33] Kích thước gốc trang 1 | {"width":298,"height":420}
[2025-06-01 16:06:33] Chuyển đổi trang 1 thành công | {"page":1,"bmp_data_length":16930}
[2025-06-01 16:06:33] Xử lý trang | {"page":2,"total":2}
[2025-06-01 16:06:33] Kích thước gốc trang 2 | {"width":298,"height":420}
[2025-06-01 16:06:33] Chuyển đổi trang 2 thành công | {"page":2,"bmp_data_length":16930}
[2025-06-01 16:06:33] Chuyển đổi hoàn tất | {"total_files":2}
[2025-06-01 16:13:45] Bắt đầu chuyển đổi PDF sang BMP trong bộ nhớ | {"data_length":155047}
[2025-06-01 16:13:45] Số trang PDF phát hiện | {"page_count":1}
[2025-06-01 16:13:45] Xử lý trang | {"page":1,"total":1}
[2025-06-01 16:13:45] Kích thước gốc trang 1 | {"width":298,"height":420}
[2025-06-01 16:13:45] Chuyển đổi trang 1 thành công | {"page":1,"bmp_data_length":16930}
[2025-06-01 16:13:45] Chuyển đổi hoàn tất | {"total_files":1}
[2025-06-01 16:17:24] Bắt đầu chuyển đổi PDF sang BMP trong bộ nhớ | {"data_length":155047}
[2025-06-01 16:17:24] Số trang PDF phát hiện | {"page_count":1}
[2025-06-01 16:17:24] Xử lý trang | {"page":1,"total":1}
[2025-06-01 16:17:25] Kích thước gốc trang 1 | {"width":298,"height":420}
[2025-06-01 16:17:25] Chuyển đổi trang 1 thành công | {"page":1,"bmp_data_length":16930}
[2025-06-01 16:17:25] Chuyển đổi hoàn tất | {"total_files":1}
[2025-06-01 16:23:33] Bắt đầu chuyển đổi PDF sang BMP trong bộ nhớ | {"data_length":155047}
[2025-06-01 16:23:33] Số trang PDF phát hiện | {"page_count":1}
[2025-06-01 16:23:33] Xử lý trang | {"page":1,"total":1}
[2025-06-01 16:23:33] Kích thước gốc trang 1 | {"width":298,"height":420}
[2025-06-01 16:23:33] Chuyển đổi trang 1 thành công | {"page":1,"bmp_data_length":16930}
[2025-06-01 16:23:33] Chuyển đổi hoàn tất | {"total_files":1}
[2025-06-01 16:25:48] Bắt đầu chuyển đổi PDF sang BMP trong bộ nhớ | {"data_length":155047}
[2025-06-01 16:25:48] Số trang PDF phát hiện | {"page_count":1}
[2025-06-01 16:25:48] Xử lý trang | {"page":1,"total":1}
[2025-06-01 16:25:49] Kích thước gốc trang 1 | {"width":298,"height":420}
[2025-06-01 16:25:49] Chuyển đổi trang 1 thành công | {"page":1,"bmp_data_length":16930}
[2025-06-01 16:25:49] Chuyển đổi hoàn tất | {"total_files":1}
[2025-06-01 16:28:49] Bắt đầu chuyển đổi PDF sang BMP trong bộ nhớ | {"data_length":155047}
[2025-06-01 16:28:49] Số trang PDF phát hiện | {"page_count":1}
[2025-06-01 16:28:49] Xử lý trang | {"page":1,"total":1}
[2025-06-01 16:28:49] Kích thước gốc trang 1 | {"width":298,"height":420}
[2025-06-01 16:28:49] Chuyển đổi trang 1 thành công | {"page":1,"bmp_data_length":16930}
[2025-06-01 16:28:49] Chuyển đổi hoàn tất | {"total_files":1}
[2025-06-01 16:29:42] Bắt đầu chuyển đổi PDF sang BMP trong bộ nhớ | {"data_length":159254}
[2025-06-01 16:29:42] Số trang PDF phát hiện | {"page_count":2}
[2025-06-01 16:29:42] Xử lý trang | {"page":1,"total":2}
[2025-06-01 16:29:42] Kích thước gốc trang 1 | {"width":298,"height":420}
[2025-06-01 16:29:42] Chuyển đổi trang 1 thành công | {"page":1,"bmp_data_length":16930}
[2025-06-01 16:29:42] Xử lý trang | {"page":2,"total":2}
[2025-06-01 16:29:43] Kích thước gốc trang 2 | {"width":298,"height":420}
[2025-06-01 16:29:43] Chuyển đổi trang 2 thành công | {"page":2,"bmp_data_length":16930}
[2025-06-01 16:29:43] Chuyển đổi hoàn tất | {"total_files":2}
[2025-06-01 16:30:11] Bắt đầu chuyển đổi PDF sang BMP trong bộ nhớ | {"data_length":171865}
[2025-06-01 16:30:11] Số trang PDF phát hiện | {"page_count":5}
[2025-06-01 16:30:11] Xử lý trang | {"page":1,"total":5}
[2025-06-01 16:30:11] Kích thước gốc trang 1 | {"width":298,"height":420}
[2025-06-01 16:30:11] Chuyển đổi trang 1 thành công | {"page":1,"bmp_data_length":16930}
[2025-06-01 16:30:11] Xử lý trang | {"page":2,"total":5}
[2025-06-01 16:30:11] Kích thước gốc trang 2 | {"width":298,"height":420}
[2025-06-01 16:30:11] Chuyển đổi trang 2 thành công | {"page":2,"bmp_data_length":16930}
[2025-06-01 16:30:11] Xử lý trang | {"page":3,"total":5}
[2025-06-01 16:30:12] Kích thước gốc trang 3 | {"width":298,"height":420}
[2025-06-01 16:30:12] Chuyển đổi trang 3 thành công | {"page":3,"bmp_data_length":16930}
[2025-06-01 16:30:12] Xử lý trang | {"page":4,"total":5}
[2025-06-01 16:30:12] Kích thước gốc trang 4 | {"width":298,"height":420}
[2025-06-01 16:30:12] Chuyển đổi trang 4 thành công | {"page":4,"bmp_data_length":16930}
[2025-06-01 16:30:12] Xử lý trang | {"page":5,"total":5}
[2025-06-01 16:30:12] Kích thước gốc trang 5 | {"width":298,"height":420}
[2025-06-01 16:30:12] Chuyển đổi trang 5 thành công | {"page":5,"bmp_data_length":16930}
[2025-06-01 16:30:12] Chuyển đổi hoàn tất | {"total_files":5}
[2025-06-01 16:31:47] Bắt đầu chuyển đổi PDF sang BMP trong bộ nhớ | {"data_length":163456}
[2025-06-01 16:31:47] Số trang PDF phát hiện | {"page_count":3}
[2025-06-01 16:31:47] Xử lý trang | {"page":1,"total":3}
[2025-06-01 16:31:48] Kích thước gốc trang 1 | {"width":298,"height":420}
[2025-06-01 16:31:48] Chuyển đổi trang 1 thành công | {"page":1,"bmp_data_length":16930}
[2025-06-01 16:31:48] Xử lý trang | {"page":2,"total":3}
[2025-06-01 16:31:48] Kích thước gốc trang 2 | {"width":298,"height":420}
[2025-06-01 16:31:48] Chuyển đổi trang 2 thành công | {"page":2,"bmp_data_length":16930}
[2025-06-01 16:31:48] Xử lý trang | {"page":3,"total":3}
[2025-06-01 16:31:48] Kích thước gốc trang 3 | {"width":298,"height":420}
[2025-06-01 16:31:48] Chuyển đổi trang 3 thành công | {"page":3,"bmp_data_length":16930}
[2025-06-01 16:31:48] Chuyển đổi hoàn tất | {"total_files":3}
[2025-06-01 16:34:25] Bắt đầu chuyển đổi PDF sang BMP trong bộ nhớ | {"data_length":120}
[2025-06-01 16:34:26] Lỗi khi chuyển đổi PDF sang BMP | {"error":"no decode delegate for this image format `' @ error\/blob.c\/BlobToImage\/481","trace":"#0 D:\\Cong_Viec\\Cty_MinhAnh\\Website\\QL_NhapXuatKho_MAJ5\\convert.php(37): Imagick->readImageBlob('D:\\\\Cong_Viec\\\\Ct...')\n#1 D:\\Cong_Viec\\Cty_MinhAnh\\Website\\QL_NhapXuatKho_MAJ5\\TP_NhapKho\\XemChiTietDonSanXuat.php(141): convertPdfToBmpAllPagesInMemory('D:\\\\Cong_Viec\\\\Ct...')\n#2 {main}"}
[2025-06-01 16:36:07] Bắt đầu chuyển đổi PDF sang BMP trong bộ nhớ | {"data_length":163456}
[2025-06-01 16:36:08] Số trang PDF phát hiện | {"page_count":3}
[2025-06-01 16:36:08] Xử lý trang | {"page":1,"total":3}
[2025-06-01 16:36:08] Kích thước gốc trang 1 | {"width":298,"height":420}
[2025-06-01 16:36:08] Chuyển đổi trang 1 thành công | {"page":1,"bmp_data_length":16930}
[2025-06-01 16:36:08] Xử lý trang | {"page":2,"total":3}
[2025-06-01 16:36:08] Kích thước gốc trang 2 | {"width":298,"height":420}
[2025-06-01 16:36:08] Chuyển đổi trang 2 thành công | {"page":2,"bmp_data_length":16930}
[2025-06-01 16:36:08] Xử lý trang | {"page":3,"total":3}
[2025-06-01 16:36:08] Kích thước gốc trang 3 | {"width":298,"height":420}
[2025-06-01 16:36:08] Chuyển đổi trang 3 thành công | {"page":3,"bmp_data_length":16930}
[2025-06-01 16:36:08] Chuyển đổi hoàn tất | {"total_files":3}
[2025-06-01 16:37:17] Bắt đầu chuyển đổi PDF sang BMP trong bộ nhớ | {"data_length":159254}
[2025-06-01 16:37:18] Số trang PDF phát hiện | {"page_count":2}
[2025-06-01 16:37:18] Xử lý trang | {"page":1,"total":2}
[2025-06-01 16:37:18] Kích thước gốc trang 1 | {"width":298,"height":420}
[2025-06-01 16:37:18] Chuyển đổi trang 1 thành công | {"page":1,"bmp_data_length":16930}
[2025-06-01 16:37:18] Xử lý trang | {"page":2,"total":2}
[2025-06-01 16:37:18] Kích thước gốc trang 2 | {"width":298,"height":420}
[2025-06-01 16:37:18] Chuyển đổi trang 2 thành công | {"page":2,"bmp_data_length":16930}
[2025-06-01 16:37:18] Chuyển đổi hoàn tất | {"total_files":2}
[2025-06-01 16:45:09] Bắt đầu chuyển đổi PDF sang BMP trong bộ nhớ | {"data_length":159254}
[2025-06-01 16:45:09] Số trang PDF phát hiện | {"page_count":2}
[2025-06-01 16:45:09] Xử lý trang | {"page":1,"total":2}
[2025-06-01 16:45:09] Kích thước gốc trang 1 | {"width":298,"height":420}
[2025-06-01 16:45:09] Chuyển đổi trang 1 thành công | {"page":1,"bmp_data_length":16930}
[2025-06-01 16:45:09] Xử lý trang | {"page":2,"total":2}
[2025-06-01 16:45:09] Kích thước gốc trang 2 | {"width":298,"height":420}
[2025-06-01 16:45:09] Chuyển đổi trang 2 thành công | {"page":2,"bmp_data_length":16930}
[2025-06-01 16:45:09] Chuyển đổi hoàn tất | {"total_files":2}
[2025-06-01 16:49:44] Bắt đầu chuyển đổi PDF sang BMP trong bộ nhớ với Ghostscript | {"data_length":159254}
[2025-06-01 16:49:44] Tạo file PDF tạm thành công | {"temp_pdf":"C:\\Users\\Admin\\AppData\\Local\\Temp\/pdf_to_bmp_gs_683c84a84ef24\/temp_pdf.pdf"}
[2025-06-01 16:49:44] Bắt đầu đếm số trang PDF | {"file":"C:\\Users\\Admin\\AppData\\Local\\Temp\/pdf_to_bmp_gs_683c84a84ef24\/temp_pdf.pdf"}
[2025-06-01 16:49:44] Đếm trang với Imagick thành công | {"page_count":2}
[2025-06-01 16:49:44] Xử lý trang với Ghostscript | {"page":1,"total":2}
[2025-06-01 16:49:44] Chạy lệnh Ghostscript cho trang 1 | {"command":"\"C:\\Program Files\\gs\\gs10.05.1\\bin\\gswin64c.exe\" -dSAFER -dBATCH -dNOPAUSE -dFirstPage=1 -dLastPage=1 -sDEVICE=bmpmono -r150 -dTextAlphaBits=4 -dGraphicsAlphaBits=4 -sOutputFile=\"C:\\Users\\Admin\\AppData\\Local\\Temp\/pdf_to_bmp_gs_683c84a84ef24\/page_001.bmp\" \"C:\\Users\\Admin\\AppData\\Local\\Temp\/pdf_to_bmp_gs_683c84a84ef24\/temp_pdf.pdf\" 2>&1","return_code":1,"output_lines":1}
[2025-06-01 16:49:44] Lỗi khi chuyển đổi trang 1 với Ghostscript | {"page":1,"return_code":1,"file_exists":false,"file_size":0,"output":"The system cannot find the path specified."}
[2025-06-01 16:49:44] Xử lý trang với Ghostscript | {"page":2,"total":2}
[2025-06-01 16:49:44] Chạy lệnh Ghostscript cho trang 2 | {"command":"\"C:\\Program Files\\gs\\gs10.05.1\\bin\\gswin64c.exe\" -dSAFER -dBATCH -dNOPAUSE -dFirstPage=2 -dLastPage=2 -sDEVICE=bmpmono -r150 -dTextAlphaBits=4 -dGraphicsAlphaBits=4 -sOutputFile=\"C:\\Users\\Admin\\AppData\\Local\\Temp\/pdf_to_bmp_gs_683c84a84ef24\/page_002.bmp\" \"C:\\Users\\Admin\\AppData\\Local\\Temp\/pdf_to_bmp_gs_683c84a84ef24\/temp_pdf.pdf\" 2>&1","return_code":1,"output_lines":1}
[2025-06-01 16:49:44] Lỗi khi chuyển đổi trang 2 với Ghostscript | {"page":2,"return_code":1,"file_exists":false,"file_size":0,"output":"The system cannot find the path specified."}
[2025-06-01 16:49:44] Dọn dẹp file tạm | {"temp_dir":"C:\\Users\\Admin\\AppData\\Local\\Temp\/pdf_to_bmp_gs_683c84a84ef24"}
[2025-06-01 16:49:44] Không có trang nào được chuyển đổi thành công | {"total_pages":2}
[2025-06-01 16:51:44] Bắt đầu chuyển đổi PDF sang BMP trong bộ nhớ với Ghostscript | {"data_length":159254}
[2025-06-01 16:51:44] Tạo file PDF tạm thành công | {"temp_pdf":"C:\\Users\\Admin\\AppData\\Local\\Temp\/pdf_to_bmp_gs_683c8520ba2c0\/temp_pdf.pdf"}
[2025-06-01 16:51:44] Bắt đầu đếm số trang PDF | {"file":"C:\\Users\\Admin\\AppData\\Local\\Temp\/pdf_to_bmp_gs_683c8520ba2c0\/temp_pdf.pdf"}
[2025-06-01 16:51:45] Đếm trang với Imagick thành công | {"page_count":2}
[2025-06-01 16:51:45] Xử lý trang với Ghostscript | {"page":1,"total":2}
[2025-06-01 16:51:45] Chạy lệnh Ghostscript cho trang 1 | {"command":"\"C:\\Program Files\\gs\\gs10.05.1\\bin\\gswin64c.exe\" -dSAFER -dBATCH -dNOPAUSE -dFirstPage=1 -dLastPage=1 -sDEVICE=bmpmono -r150 -dTextAlphaBits=4 -dGraphicsAlphaBits=4 -sOutputFile=\"C:\\Users\\Admin\\AppData\\Local\\Temp\/pdf_to_bmp_gs_683c8520ba2c0\/page_001.bmp\" \"C:\\Users\\Admin\\AppData\\Local\\Temp\/pdf_to_bmp_gs_683c8520ba2c0\/temp_pdf.pdf\" 2>&1","return_code":0,"output_lines":8}
[2025-06-01 16:51:45] Chuyển đổi trang 1 thành công với Ghostscript | {"page":1,"bmp_file":"C:\\Users\\Admin\\AppData\\Local\\Temp\/pdf_to_bmp_gs_683c8520ba2c0\/page_001.bmp","size":69982}
[2025-06-01 16:51:45] Xử lý trang với Ghostscript | {"page":2,"total":2}
[2025-06-01 16:51:45] Chạy lệnh Ghostscript cho trang 2 | {"command":"\"C:\\Program Files\\gs\\gs10.05.1\\bin\\gswin64c.exe\" -dSAFER -dBATCH -dNOPAUSE -dFirstPage=2 -dLastPage=2 -sDEVICE=bmpmono -r150 -dTextAlphaBits=4 -dGraphicsAlphaBits=4 -sOutputFile=\"C:\\Users\\Admin\\AppData\\Local\\Temp\/pdf_to_bmp_gs_683c8520ba2c0\/page_002.bmp\" \"C:\\Users\\Admin\\AppData\\Local\\Temp\/pdf_to_bmp_gs_683c8520ba2c0\/temp_pdf.pdf\" 2>&1","return_code":0,"output_lines":8}
[2025-06-01 16:51:45] Chuyển đổi trang 2 thành công với Ghostscript | {"page":2,"bmp_file":"C:\\Users\\Admin\\AppData\\Local\\Temp\/pdf_to_bmp_gs_683c8520ba2c0\/page_002.bmp","size":69982}
[2025-06-01 16:51:45] Dọn dẹp file tạm | {"temp_dir":"C:\\Users\\Admin\\AppData\\Local\\Temp\/pdf_to_bmp_gs_683c8520ba2c0"}
[2025-06-01 16:51:45] Chuyển đổi hoàn tất | {"total_files":2}
[2025-06-01 16:56:29] Bắt đầu chuyển đổi PDF sang BMP trong bộ nhớ với Ghostscript | {"data_length":155045}
[2025-06-01 16:56:29] Tạo file PDF tạm thành công | {"temp_pdf":"C:\\Users\\Admin\\AppData\\Local\\Temp\/pdf_to_bmp_gs_683c863d8d258\/temp_pdf.pdf"}
[2025-06-01 16:56:29] Bắt đầu đếm số trang PDF | {"file":"C:\\Users\\Admin\\AppData\\Local\\Temp\/pdf_to_bmp_gs_683c863d8d258\/temp_pdf.pdf"}
[2025-06-01 16:56:29] Đếm trang với Imagick thành công | {"page_count":1}
[2025-06-01 16:56:29] Xử lý trang với Ghostscript | {"page":1,"total":1}
[2025-06-01 16:56:30] Chạy lệnh Ghostscript cho trang 1 | {"command":"\"C:\\Program Files\\gs\\gs10.05.1\\bin\\gswin64c.exe\" -dSAFER -dBATCH -dNOPAUSE -dFirstPage=1 -dLastPage=1 -sDEVICE=bmpmono -r150 -dTextAlphaBits=4 -dGraphicsAlphaBits=4 -sOutputFile=\"C:\\Users\\Admin\\AppData\\Local\\Temp\/pdf_to_bmp_gs_683c863d8d258\/page_001.bmp\" \"C:\\Users\\Admin\\AppData\\Local\\Temp\/pdf_to_bmp_gs_683c863d8d258\/temp_pdf.pdf\" 2>&1","return_code":0,"output_lines":8}
[2025-06-01 16:56:30] Chuyển đổi trang 1 thành công với Ghostscript | {"page":1,"bmp_file":"C:\\Users\\Admin\\AppData\\Local\\Temp\/pdf_to_bmp_gs_683c863d8d258\/page_001.bmp","size":69982}
[2025-06-01 16:56:30] Dọn dẹp file tạm | {"temp_dir":"C:\\Users\\Admin\\AppData\\Local\\Temp\/pdf_to_bmp_gs_683c863d8d258"}
[2025-06-01 16:56:30] Chuyển đổi hoàn tất | {"total_files":1}
[2025-06-01 17:07:12] Bắt đầu chuyển đổi PDF sang BMP trong bộ nhớ với Ghostscript | {"data_length":155045}
[2025-06-01 17:07:12] Tạo file PDF tạm thành công | {"temp_pdf":"C:\\Users\\Admin\\AppData\\Local\\Temp\/pdf_to_bmp_gs_683c88c0275fc\/temp_pdf.pdf"}
[2025-06-01 17:07:12] Bắt đầu đếm số trang PDF | {"file":"C:\\Users\\Admin\\AppData\\Local\\Temp\/pdf_to_bmp_gs_683c88c0275fc\/temp_pdf.pdf"}
[2025-06-01 17:07:12] Đếm trang với Imagick thành công | {"page_count":1}
[2025-06-01 17:07:12] Xử lý trang với Ghostscript | {"page":1,"total":1}
[2025-06-01 17:07:12] Chạy lệnh Ghostscript cho trang 1 | {"command":"\"C:\\Program Files\\gs\\gs10.05.1\\bin\\gswin64c.exe\" -dSAFER -dBATCH -dNOPAUSE -dFirstPage=1 -dLastPage=1 -sDEVICE=bmpmono -r150 -dTextAlphaBits=4 -dGraphicsAlphaBits=4 -sOutputFile=\"C:\\Users\\Admin\\AppData\\Local\\Temp\/pdf_to_bmp_gs_683c88c0275fc\/page_001.bmp\" \"C:\\Users\\Admin\\AppData\\Local\\Temp\/pdf_to_bmp_gs_683c88c0275fc\/temp_pdf.pdf\" 2>&1","return_code":0,"output_lines":8}
[2025-06-01 17:07:12] Chuyển đổi trang 1 thành công với Ghostscript | {"page":1,"bmp_file":"C:\\Users\\Admin\\AppData\\Local\\Temp\/pdf_to_bmp_gs_683c88c0275fc\/page_001.bmp","size":69982}
[2025-06-01 17:07:12] Dọn dẹp file tạm | {"temp_dir":"C:\\Users\\Admin\\AppData\\Local\\Temp\/pdf_to_bmp_gs_683c88c0275fc"}
[2025-06-01 17:07:12] Chuyển đổi hoàn tất | {"total_files":1}
[2025-06-01 17:09:33] Bắt đầu chuyển đổi PDF sang BMP trong bộ nhớ với Ghostscript | {"data_length":155047}
[2025-06-01 17:09:33] Tạo file PDF tạm thành công | {"temp_pdf":"C:\\Users\\Admin\\AppData\\Local\\Temp\/pdf_to_bmp_gs_683c894dd43c6\/temp_pdf.pdf"}
[2025-06-01 17:09:33] Bắt đầu đếm số trang PDF | {"file":"C:\\Users\\Admin\\AppData\\Local\\Temp\/pdf_to_bmp_gs_683c894dd43c6\/temp_pdf.pdf"}
[2025-06-01 17:09:33] Đếm trang với Imagick thành công | {"page_count":1}
[2025-06-01 17:09:33] Xử lý trang với Ghostscript | {"page":1,"total":1}
[2025-06-01 17:09:34] Chạy lệnh Ghostscript cho trang 1 | {"command":"\"C:\\Program Files\\gs\\gs10.05.1\\bin\\gswin64c.exe\" -dSAFER -dBATCH -dNOPAUSE -dFirstPage=1 -dLastPage=1 -sDEVICE=bmpmono -r150 -dTextAlphaBits=4 -dGraphicsAlphaBits=4 -sOutputFile=\"C:\\Users\\Admin\\AppData\\Local\\Temp\/pdf_to_bmp_gs_683c894dd43c6\/page_001.bmp\" \"C:\\Users\\Admin\\AppData\\Local\\Temp\/pdf_to_bmp_gs_683c894dd43c6\/temp_pdf.pdf\" 2>&1","return_code":0,"output_lines":8}
[2025-06-01 17:09:34] Chuyển đổi trang 1 thành công với Ghostscript | {"page":1,"bmp_file":"C:\\Users\\Admin\\AppData\\Local\\Temp\/pdf_to_bmp_gs_683c894dd43c6\/page_001.bmp","size":69982}
[2025-06-01 17:09:34] Dọn dẹp file tạm | {"temp_dir":"C:\\Users\\Admin\\AppData\\Local\\Temp\/pdf_to_bmp_gs_683c894dd43c6"}
[2025-06-01 17:09:34] Chuyển đổi hoàn tất | {"total_files":1}
[2025-06-01 17:09:58] Bắt đầu chuyển đổi PDF sang BMP trong bộ nhớ với Ghostscript | {"data_length":159254}
[2025-06-01 17:09:58] Tạo file PDF tạm thành công | {"temp_pdf":"C:\\Users\\Admin\\AppData\\Local\\Temp\/pdf_to_bmp_gs_683c896679242\/temp_pdf.pdf"}
[2025-06-01 17:09:58] Bắt đầu đếm số trang PDF | {"file":"C:\\Users\\Admin\\AppData\\Local\\Temp\/pdf_to_bmp_gs_683c896679242\/temp_pdf.pdf"}
[2025-06-01 17:09:58] Đếm trang với Imagick thành công | {"page_count":2}
[2025-06-01 17:09:58] Xử lý trang với Ghostscript | {"page":1,"total":2}
[2025-06-01 17:09:58] Chạy lệnh Ghostscript cho trang 1 | {"command":"\"C:\\Program Files\\gs\\gs10.05.1\\bin\\gswin64c.exe\" -dSAFER -dBATCH -dNOPAUSE -dFirstPage=1 -dLastPage=1 -sDEVICE=bmpmono -r150 -dTextAlphaBits=4 -dGraphicsAlphaBits=4 -sOutputFile=\"C:\\Users\\Admin\\AppData\\Local\\Temp\/pdf_to_bmp_gs_683c896679242\/page_001.bmp\" \"C:\\Users\\Admin\\AppData\\Local\\Temp\/pdf_to_bmp_gs_683c896679242\/temp_pdf.pdf\" 2>&1","return_code":0,"output_lines":8}
[2025-06-01 17:09:58] Chuyển đổi trang 1 thành công với Ghostscript | {"page":1,"bmp_file":"C:\\Users\\Admin\\AppData\\Local\\Temp\/pdf_to_bmp_gs_683c896679242\/page_001.bmp","size":69982}
[2025-06-01 17:09:58] Xử lý trang với Ghostscript | {"page":2,"total":2}
[2025-06-01 17:09:59] Chạy lệnh Ghostscript cho trang 2 | {"command":"\"C:\\Program Files\\gs\\gs10.05.1\\bin\\gswin64c.exe\" -dSAFER -dBATCH -dNOPAUSE -dFirstPage=2 -dLastPage=2 -sDEVICE=bmpmono -r150 -dTextAlphaBits=4 -dGraphicsAlphaBits=4 -sOutputFile=\"C:\\Users\\Admin\\AppData\\Local\\Temp\/pdf_to_bmp_gs_683c896679242\/page_002.bmp\" \"C:\\Users\\Admin\\AppData\\Local\\Temp\/pdf_to_bmp_gs_683c896679242\/temp_pdf.pdf\" 2>&1","return_code":0,"output_lines":8}
[2025-06-01 17:09:59] Chuyển đổi trang 2 thành công với Ghostscript | {"page":2,"bmp_file":"C:\\Users\\Admin\\AppData\\Local\\Temp\/pdf_to_bmp_gs_683c896679242\/page_002.bmp","size":69982}
[2025-06-01 17:09:59] Dọn dẹp file tạm | {"temp_dir":"C:\\Users\\Admin\\AppData\\Local\\Temp\/pdf_to_bmp_gs_683c896679242"}
[2025-06-01 17:09:59] Chuyển đổi hoàn tất | {"total_files":2}
[2025-06-01 17:43:32] Bắt đầu chuyển đổi PDF sang BMP trong bộ nhớ với Ghostscript | {"data_length":159183}
[2025-06-01 17:43:32] Tạo file PDF tạm thành công | {"temp_pdf":"C:\\Users\\Admin\\AppData\\Local\\Temp\/pdf_to_bmp_gs_683c91440b39e\/temp_pdf.pdf"}
[2025-06-01 17:43:32] Bắt đầu đếm số trang PDF | {"file":"C:\\Users\\Admin\\AppData\\Local\\Temp\/pdf_to_bmp_gs_683c91440b39e\/temp_pdf.pdf"}
[2025-06-01 17:43:32] Đếm trang với Imagick thành công | {"page_count":2}
[2025-06-01 17:43:32] Xử lý trang với Ghostscript | {"page":1,"total":2}
[2025-06-01 17:43:35] Chạy lệnh Ghostscript cho trang 1 | {"command":"\"C:\\Program Files\\gs\\gs10.05.1\\bin\\gswin64c.exe\" -dSAFER -dBATCH -dNOPAUSE -dFirstPage=1 -dLastPage=1 -sDEVICE=bmpmono -r150 -dTextAlphaBits=4 -dGraphicsAlphaBits=4 -sOutputFile=\"C:\\Users\\Admin\\AppData\\Local\\Temp\/pdf_to_bmp_gs_683c91440b39e\/page_001.bmp\" \"C:\\Users\\Admin\\AppData\\Local\\Temp\/pdf_to_bmp_gs_683c91440b39e\/temp_pdf.pdf\" 2>&1","return_code":0,"output_lines":8}
[2025-06-01 17:43:35] Chuyển đổi trang 1 thành công với Ghostscript | {"page":1,"bmp_file":"C:\\Users\\Admin\\AppData\\Local\\Temp\/pdf_to_bmp_gs_683c91440b39e\/page_001.bmp","size":69982}
[2025-06-01 17:43:35] Xử lý trang với Ghostscript | {"page":2,"total":2}
[2025-06-01 17:43:35] Chạy lệnh Ghostscript cho trang 2 | {"command":"\"C:\\Program Files\\gs\\gs10.05.1\\bin\\gswin64c.exe\" -dSAFER -dBATCH -dNOPAUSE -dFirstPage=2 -dLastPage=2 -sDEVICE=bmpmono -r150 -dTextAlphaBits=4 -dGraphicsAlphaBits=4 -sOutputFile=\"C:\\Users\\Admin\\AppData\\Local\\Temp\/pdf_to_bmp_gs_683c91440b39e\/page_002.bmp\" \"C:\\Users\\Admin\\AppData\\Local\\Temp\/pdf_to_bmp_gs_683c91440b39e\/temp_pdf.pdf\" 2>&1","return_code":0,"output_lines":8}
[2025-06-01 17:43:35] Chuyển đổi trang 2 thành công với Ghostscript | {"page":2,"bmp_file":"C:\\Users\\Admin\\AppData\\Local\\Temp\/pdf_to_bmp_gs_683c91440b39e\/page_002.bmp","size":69982}
[2025-06-01 17:43:35] Dọn dẹp file tạm | {"temp_dir":"C:\\Users\\Admin\\AppData\\Local\\Temp\/pdf_to_bmp_gs_683c91440b39e"}
[2025-06-01 17:43:35] Chuyển đổi hoàn tất | {"total_files":2}
[2025-06-01 17:44:53] Bắt đầu chuyển đổi PDF sang BMP trong bộ nhớ với Ghostscript | {"data_length":163456}
[2025-06-01 17:44:53] Tạo file PDF tạm thành công | {"temp_pdf":"C:\\Users\\Admin\\AppData\\Local\\Temp\/pdf_to_bmp_gs_683c91952d0c5\/temp_pdf.pdf"}
[2025-06-01 17:44:53] Bắt đầu đếm số trang PDF | {"file":"C:\\Users\\Admin\\AppData\\Local\\Temp\/pdf_to_bmp_gs_683c91952d0c5\/temp_pdf.pdf"}
[2025-06-01 17:44:53] Đếm trang với Imagick thành công | {"page_count":3}
[2025-06-01 17:44:53] Xử lý trang với Ghostscript | {"page":1,"total":3}
[2025-06-01 17:44:53] Chạy lệnh Ghostscript cho trang 1 | {"command":"\"C:\\Program Files\\gs\\gs10.05.1\\bin\\gswin64c.exe\" -dSAFER -dBATCH -dNOPAUSE -dFirstPage=1 -dLastPage=1 -sDEVICE=bmp16m -r203 -dTextAlphaBits=4 -dGraphicsAlphaBits=4 -sOutputFile=\"C:\\Users\\Admin\\AppData\\Local\\Temp\/pdf_to_bmp_gs_683c91952d0c5\/page_001.bmp\" \"C:\\Users\\Admin\\AppData\\Local\\Temp\/pdf_to_bmp_gs_683c91952d0c5\/temp_pdf.pdf\" 2>&1","return_code":0,"output_lines":8}
[2025-06-01 17:44:53] Chuyển đổi trang 1 thành công với Ghostscript | {"page":1,"bmp_file":"C:\\Users\\Admin\\AppData\\Local\\Temp\/pdf_to_bmp_gs_683c91952d0c5\/page_001.bmp","size":2981214}
[2025-06-01 17:44:53] Xử lý trang với Ghostscript | {"page":2,"total":3}
[2025-06-01 17:44:53] Chạy lệnh Ghostscript cho trang 2 | {"command":"\"C:\\Program Files\\gs\\gs10.05.1\\bin\\gswin64c.exe\" -dSAFER -dBATCH -dNOPAUSE -dFirstPage=2 -dLastPage=2 -sDEVICE=bmp16m -r203 -dTextAlphaBits=4 -dGraphicsAlphaBits=4 -sOutputFile=\"C:\\Users\\Admin\\AppData\\Local\\Temp\/pdf_to_bmp_gs_683c91952d0c5\/page_002.bmp\" \"C:\\Users\\Admin\\AppData\\Local\\Temp\/pdf_to_bmp_gs_683c91952d0c5\/temp_pdf.pdf\" 2>&1","return_code":0,"output_lines":8}
[2025-06-01 17:44:53] Chuyển đổi trang 2 thành công với Ghostscript | {"page":2,"bmp_file":"C:\\Users\\Admin\\AppData\\Local\\Temp\/pdf_to_bmp_gs_683c91952d0c5\/page_002.bmp","size":2981214}
[2025-06-01 17:44:53] Xử lý trang với Ghostscript | {"page":3,"total":3}
[2025-06-01 17:44:54] Chạy lệnh Ghostscript cho trang 3 | {"command":"\"C:\\Program Files\\gs\\gs10.05.1\\bin\\gswin64c.exe\" -dSAFER -dBATCH -dNOPAUSE -dFirstPage=3 -dLastPage=3 -sDEVICE=bmp16m -r203 -dTextAlphaBits=4 -dGraphicsAlphaBits=4 -sOutputFile=\"C:\\Users\\Admin\\AppData\\Local\\Temp\/pdf_to_bmp_gs_683c91952d0c5\/page_003.bmp\" \"C:\\Users\\Admin\\AppData\\Local\\Temp\/pdf_to_bmp_gs_683c91952d0c5\/temp_pdf.pdf\" 2>&1","return_code":0,"output_lines":8}
[2025-06-01 17:44:54] Chuyển đổi trang 3 thành công với Ghostscript | {"page":3,"bmp_file":"C:\\Users\\Admin\\AppData\\Local\\Temp\/pdf_to_bmp_gs_683c91952d0c5\/page_003.bmp","size":2981214}
[2025-06-01 17:44:54] Dọn dẹp file tạm | {"temp_dir":"C:\\Users\\Admin\\AppData\\Local\\Temp\/pdf_to_bmp_gs_683c91952d0c5"}
[2025-06-01 17:44:54] Chuyển đổi hoàn tất | {"total_files":3}
[2025-06-01 17:45:31] Bắt đầu chuyển đổi PDF sang BMP trong bộ nhớ với Ghostscript | {"data_length":163456}
[2025-06-01 17:45:31] Tạo file PDF tạm thành công | {"temp_pdf":"C:\\Users\\Admin\\AppData\\Local\\Temp\/pdf_to_bmp_gs_683c91bb3315e\/temp_pdf.pdf"}
[2025-06-01 17:45:31] Bắt đầu đếm số trang PDF | {"file":"C:\\Users\\Admin\\AppData\\Local\\Temp\/pdf_to_bmp_gs_683c91bb3315e\/temp_pdf.pdf"}
[2025-06-01 17:45:31] Đếm trang với Imagick thành công | {"page_count":3}
[2025-06-01 17:45:31] Xử lý trang với Ghostscript | {"page":1,"total":3}
[2025-06-01 17:45:31] Chạy lệnh Ghostscript cho trang 1 | {"command":"\"C:\\Program Files\\gs\\gs10.05.1\\bin\\gswin64c.exe\" -dSAFER -dBATCH -dNOPAUSE -dFirstPage=1 -dLastPage=1 -sDEVICE=bmpmono -r150 -dTextAlphaBits=4 -dGraphicsAlphaBits=4 -sOutputFile=\"C:\\Users\\Admin\\AppData\\Local\\Temp\/pdf_to_bmp_gs_683c91bb3315e\/page_001.bmp\" \"C:\\Users\\Admin\\AppData\\Local\\Temp\/pdf_to_bmp_gs_683c91bb3315e\/temp_pdf.pdf\" 2>&1","return_code":0,"output_lines":8}
[2025-06-01 17:45:31] Chuyển đổi trang 1 thành công với Ghostscript | {"page":1,"bmp_file":"C:\\Users\\Admin\\AppData\\Local\\Temp\/pdf_to_bmp_gs_683c91bb3315e\/page_001.bmp","size":69982}
[2025-06-01 17:45:31] Xử lý trang với Ghostscript | {"page":2,"total":3}
[2025-06-01 17:45:31] Chạy lệnh Ghostscript cho trang 2 | {"command":"\"C:\\Program Files\\gs\\gs10.05.1\\bin\\gswin64c.exe\" -dSAFER -dBATCH -dNOPAUSE -dFirstPage=2 -dLastPage=2 -sDEVICE=bmpmono -r150 -dTextAlphaBits=4 -dGraphicsAlphaBits=4 -sOutputFile=\"C:\\Users\\Admin\\AppData\\Local\\Temp\/pdf_to_bmp_gs_683c91bb3315e\/page_002.bmp\" \"C:\\Users\\Admin\\AppData\\Local\\Temp\/pdf_to_bmp_gs_683c91bb3315e\/temp_pdf.pdf\" 2>&1","return_code":0,"output_lines":8}
[2025-06-01 17:45:31] Chuyển đổi trang 2 thành công với Ghostscript | {"page":2,"bmp_file":"C:\\Users\\Admin\\AppData\\Local\\Temp\/pdf_to_bmp_gs_683c91bb3315e\/page_002.bmp","size":69982}
[2025-06-01 17:45:31] Xử lý trang với Ghostscript | {"page":3,"total":3}
[2025-06-01 17:45:32] Chạy lệnh Ghostscript cho trang 3 | {"command":"\"C:\\Program Files\\gs\\gs10.05.1\\bin\\gswin64c.exe\" -dSAFER -dBATCH -dNOPAUSE -dFirstPage=3 -dLastPage=3 -sDEVICE=bmpmono -r150 -dTextAlphaBits=4 -dGraphicsAlphaBits=4 -sOutputFile=\"C:\\Users\\Admin\\AppData\\Local\\Temp\/pdf_to_bmp_gs_683c91bb3315e\/page_003.bmp\" \"C:\\Users\\Admin\\AppData\\Local\\Temp\/pdf_to_bmp_gs_683c91bb3315e\/temp_pdf.pdf\" 2>&1","return_code":0,"output_lines":8}
[2025-06-01 17:45:32] Chuyển đổi trang 3 thành công với Ghostscript | {"page":3,"bmp_file":"C:\\Users\\Admin\\AppData\\Local\\Temp\/pdf_to_bmp_gs_683c91bb3315e\/page_003.bmp","size":69982}
[2025-06-01 17:45:32] Dọn dẹp file tạm | {"temp_dir":"C:\\Users\\Admin\\AppData\\Local\\Temp\/pdf_to_bmp_gs_683c91bb3315e"}
[2025-06-01 17:45:32] Chuyển đổi hoàn tất | {"total_files":3}
[2025-06-01 17:46:03] Bắt đầu chuyển đổi PDF sang BMP trong bộ nhớ với Ghostscript | {"data_length":159254}
[2025-06-01 17:46:03] Tạo file PDF tạm thành công | {"temp_pdf":"C:\\Users\\Admin\\AppData\\Local\\Temp\/pdf_to_bmp_gs_683c91db7a26b\/temp_pdf.pdf"}
[2025-06-01 17:46:03] Bắt đầu đếm số trang PDF | {"file":"C:\\Users\\Admin\\AppData\\Local\\Temp\/pdf_to_bmp_gs_683c91db7a26b\/temp_pdf.pdf"}
[2025-06-01 17:46:03] Đếm trang với Imagick thành công | {"page_count":2}
[2025-06-01 17:46:03] Xử lý trang với Ghostscript | {"page":1,"total":2}
[2025-06-01 17:46:03] Chạy lệnh Ghostscript cho trang 1 | {"command":"\"C:\\Program Files\\gs\\gs10.05.1\\bin\\gswin64c.exe\" -dSAFER -dBATCH -dNOPAUSE -dFirstPage=1 -dLastPage=1 -sDEVICE=bmpmono -r203 -dTextAlphaBits=4 -dGraphicsAlphaBits=4 -sOutputFile=\"C:\\Users\\Admin\\AppData\\Local\\Temp\/pdf_to_bmp_gs_683c91db7a26b\/page_001.bmp\" \"C:\\Users\\Admin\\AppData\\Local\\Temp\/pdf_to_bmp_gs_683c91db7a26b\/temp_pdf.pdf\" 2>&1","return_code":0,"output_lines":8}
[2025-06-01 17:46:03] Chuyển đổi trang 1 thành công với Ghostscript | {"page":1,"bmp_file":"C:\\Users\\Admin\\AppData\\Local\\Temp\/pdf_to_bmp_gs_683c91db7a26b\/page_001.bmp","size":127826}
[2025-06-01 17:46:03] Xử lý trang với Ghostscript | {"page":2,"total":2}
[2025-06-01 17:46:04] Chạy lệnh Ghostscript cho trang 2 | {"command":"\"C:\\Program Files\\gs\\gs10.05.1\\bin\\gswin64c.exe\" -dSAFER -dBATCH -dNOPAUSE -dFirstPage=2 -dLastPage=2 -sDEVICE=bmpmono -r203 -dTextAlphaBits=4 -dGraphicsAlphaBits=4 -sOutputFile=\"C:\\Users\\Admin\\AppData\\Local\\Temp\/pdf_to_bmp_gs_683c91db7a26b\/page_002.bmp\" \"C:\\Users\\Admin\\AppData\\Local\\Temp\/pdf_to_bmp_gs_683c91db7a26b\/temp_pdf.pdf\" 2>&1","return_code":0,"output_lines":8}
[2025-06-01 17:46:04] Chuyển đổi trang 2 thành công với Ghostscript | {"page":2,"bmp_file":"C:\\Users\\Admin\\AppData\\Local\\Temp\/pdf_to_bmp_gs_683c91db7a26b\/page_002.bmp","size":127826}
[2025-06-01 17:46:04] Dọn dẹp file tạm | {"temp_dir":"C:\\Users\\Admin\\AppData\\Local\\Temp\/pdf_to_bmp_gs_683c91db7a26b"}
[2025-06-01 17:46:04] Chuyển đổi hoàn tất | {"total_files":2}
[2025-06-01 17:47:52] Bắt đầu chuyển đổi PDF sang BMP trong bộ nhớ với Ghostscript | {"data_length":159254}
[2025-06-01 17:47:52] Tạo file PDF tạm thành công | {"temp_pdf":"C:\\Users\\Admin\\AppData\\Local\\Temp\/pdf_to_bmp_gs_683c92480daa8\/temp_pdf.pdf"}
[2025-06-01 17:47:52] Bắt đầu đếm số trang PDF | {"file":"C:\\Users\\Admin\\AppData\\Local\\Temp\/pdf_to_bmp_gs_683c92480daa8\/temp_pdf.pdf"}
[2025-06-01 17:47:52] Đếm trang với Imagick thành công | {"page_count":2}
[2025-06-01 17:47:52] Xử lý trang với Ghostscript | {"page":1,"total":2}
[2025-06-01 17:47:52] Chạy lệnh Ghostscript cho trang 1 | {"command":"\"C:\\Program Files\\gs\\gs10.05.1\\bin\\gswin64c.exe\" -dSAFER -dBATCH -dNOPAUSE -dFirstPage=1 -dLastPage=1 -sDEVICE=bmpmono -r203 -dTextAlphaBits=4 -dGraphicsAlphaBits=4 -dPDFFitPage -sPAPERSIZE=a6 -dFIXEDMEDIA -sOutputFile=\"C:\\Users\\Admin\\AppData\\Local\\Temp\/pdf_to_bmp_gs_683c92480daa8\/page_001.bmp\" \"C:\\Users\\Admin\\AppData\\Local\\Temp\/pdf_to_bmp_gs_683c92480daa8\/temp_pdf.pdf\" 2>&1","return_code":0,"output_lines":8}
[2025-06-01 17:47:52] Chuyển đổi trang 1 thành công với Ghostscript | {"page":1,"bmp_file":"C:\\Users\\Admin\\AppData\\Local\\Temp\/pdf_to_bmp_gs_683c92480daa8\/page_001.bmp","size":127934}
[2025-06-01 17:47:52] Xử lý trang với Ghostscript | {"page":2,"total":2}
[2025-06-01 17:47:52] Chạy lệnh Ghostscript cho trang 2 | {"command":"\"C:\\Program Files\\gs\\gs10.05.1\\bin\\gswin64c.exe\" -dSAFER -dBATCH -dNOPAUSE -dFirstPage=2 -dLastPage=2 -sDEVICE=bmpmono -r203 -dTextAlphaBits=4 -dGraphicsAlphaBits=4 -dPDFFitPage -sPAPERSIZE=a6 -dFIXEDMEDIA -sOutputFile=\"C:\\Users\\Admin\\AppData\\Local\\Temp\/pdf_to_bmp_gs_683c92480daa8\/page_002.bmp\" \"C:\\Users\\Admin\\AppData\\Local\\Temp\/pdf_to_bmp_gs_683c92480daa8\/temp_pdf.pdf\" 2>&1","return_code":0,"output_lines":8}
[2025-06-01 17:47:52] Chuyển đổi trang 2 thành công với Ghostscript | {"page":2,"bmp_file":"C:\\Users\\Admin\\AppData\\Local\\Temp\/pdf_to_bmp_gs_683c92480daa8\/page_002.bmp","size":127934}
[2025-06-01 17:47:52] Dọn dẹp file tạm | {"temp_dir":"C:\\Users\\Admin\\AppData\\Local\\Temp\/pdf_to_bmp_gs_683c92480daa8"}
[2025-06-01 17:47:52] Chuyển đổi hoàn tất | {"total_files":2}
